-- Found ament_cmake: 1.3.9 (/opt/ros/humble/share/ament_cmake/cmake)
-- Found rclcpp: 16.0.9 (/opt/ros/humble/share/rclcpp/cmake)
-- Found rosidl_generator_c: 3.1.5 (/opt/ros/humble/share/rosidl_generator_c/cmake)
-- Found rosidl_adapter: 3.1.5 (/opt/ros/humble/share/rosidl_adapter/cmake)
-- Found rosidl_generator_cpp: 3.1.5 (/opt/ros/humble/share/rosidl_generator_cpp/cmake)
-- Using all available rosidl_typesupport_c: rosidl_typesupport_fastrtps_c;rosidl_typesupport_introspection_c
-- Using all available rosidl_typesupport_cpp: rosidl_typesupport_fastrtps_cpp;rosidl_typesupport_introspection_cpp
-- Found rmw_implementation_cmake: 6.1.2 (/opt/ros/humble/share/rmw_implementation_cmake/cmake)
-- Found rmw_fastrtps_cpp: 6.2.6 (/opt/ros/humble/share/rmw_fastrtps_cpp/cmake)
-- Found OpenSSL: /usr/lib/aarch64-linux-gnu/libcrypto.so (found version "3.0.2")  
-- Found FastRTPS: /opt/ros/humble/include  
-- Using RMW implementation 'rmw_fastrtps_cpp' as default
-- Looking for pthread.h
-- Looking for pthread.h - found
-- Performing Test CMAKE_HAVE_LIBC_PTHREAD
-- Performing Test CMAKE_HAVE_LIBC_PTHREAD - Success
-- Found Threads: TRUE  
-- Found ament_lint_auto: 0.12.11 (/opt/ros/humble/share/ament_lint_auto/cmake)
-- Added test 'cppcheck' to perform static code analysis on C / C++ code
-- Configured cppcheck include dirs: $<BUILD_INTERFACE:/home/user/ws/src/ADS1115/include>
-- Configured cppcheck exclude dirs and/or files: 
-- Added test 'lint_cmake' to check CMake code style
-- Added test 'uncrustify' to check C / C++ code style
-- Configured uncrustify additional arguments: 
-- Added test 'xmllint' to check XML markup files
-- Configuring done
-- Generating done
-- Build files have been written to: /home/user/ws/build/ADS1115
[ 50%] [32mBuilding CXX object CMakeFiles/battery_monitor.dir/src/battery_monitor.cpp.o[0m
[100%] [32m[1mLinking CXX executable battery_monitor[0m
[100%] Built target battery_monitor
-- Install configuration: ""
-- Installing: /home/user/ws/install/ADS1115/lib/ADS1115/battery_monitor
-- Set runtime path of "/home/user/ws/install/ADS1115/lib/ADS1115/battery_monitor" to ""
-- Installing: /home/user/ws/install/ADS1115/share/ament_index/resource_index/package_run_dependencies/ADS1115
-- Installing: /home/user/ws/install/ADS1115/share/ament_index/resource_index/parent_prefix_path/ADS1115
-- Installing: /home/user/ws/install/ADS1115/share/ADS1115/environment/ament_prefix_path.sh
-- Installing: /home/user/ws/install/ADS1115/share/ADS1115/environment/ament_prefix_path.dsv
-- Installing: /home/user/ws/install/ADS1115/share/ADS1115/environment/path.sh
-- Installing: /home/user/ws/install/ADS1115/share/ADS1115/environment/path.dsv
-- Installing: /home/user/ws/install/ADS1115/share/ADS1115/local_setup.bash
-- Installing: /home/user/ws/install/ADS1115/share/ADS1115/local_setup.sh
-- Installing: /home/user/ws/install/ADS1115/share/ADS1115/local_setup.zsh
-- Installing: /home/user/ws/install/ADS1115/share/ADS1115/local_setup.dsv
-- Installing: /home/user/ws/install/ADS1115/share/ADS1115/package.dsv
-- Installing: /home/user/ws/install/ADS1115/share/ament_index/resource_index/packages/ADS1115
-- Installing: /home/user/ws/install/ADS1115/share/ADS1115/cmake/ADS1115Config.cmake
-- Installing: /home/user/ws/install/ADS1115/share/ADS1115/cmake/ADS1115Config-version.cmake
-- Installing: /home/user/ws/install/ADS1115/share/ADS1115/package.xml
