[0.046s] Invoking command in '/home/user/ws/build/ADS1115': CMAKE_PREFIX_PATH=/opt/ros/humble /usr/bin/cmake --build /home/user/ws/build/ADS1115 -- -j4 -l4
[0.128s] -- Found ament_cmake: 1.3.9 (/opt/ros/humble/share/ament_cmake/cmake)
[0.661s] -- Found rclcpp: 16.0.9 (/opt/ros/humble/share/rclcpp/cmake)
[0.980s] -- Found rosidl_generator_c: 3.1.5 (/opt/ros/humble/share/rosidl_generator_c/cmake)
[1.021s] -- Found rosidl_adapter: 3.1.5 (/opt/ros/humble/share/rosidl_adapter/cmake)
[1.082s] -- Found rosidl_generator_cpp: 3.1.5 (/opt/ros/humble/share/rosidl_generator_cpp/cmake)
[1.172s] -- Using all available rosidl_typesupport_c: rosidl_typesupport_fastrtps_c;rosidl_typesupport_introspection_c
[1.294s] -- Using all available rosidl_typesupport_cpp: rosidl_typesupport_fastrtps_cpp;rosidl_typesupport_introspection_cpp
[1.691s] -- Found rmw_implementation_cmake: 6.1.2 (/opt/ros/humble/share/rmw_implementation_cmake/cmake)
[1.714s] -- Found rmw_fastrtps_cpp: 6.2.6 (/opt/ros/humble/share/rmw_fastrtps_cpp/cmake)
[2.249s] -- Found OpenSSL: /usr/lib/aarch64-linux-gnu/libcrypto.so (found version "3.0.2")  
[2.365s] -- Found FastRTPS: /opt/ros/humble/include  
[2.572s] -- Using RMW implementation 'rmw_fastrtps_cpp' as default
[2.640s] -- Looking for pthread.h
[2.988s] -- Looking for pthread.h - found
[2.989s] -- Performing Test CMAKE_HAVE_LIBC_PTHREAD
[3.309s] -- Performing Test CMAKE_HAVE_LIBC_PTHREAD - Success
[3.315s] -- Found Threads: TRUE  
[4.017s] -- Found ament_lint_auto: 0.12.11 (/opt/ros/humble/share/ament_lint_auto/cmake)
[4.230s] WARNING: Package name "ADS1115" does not follow the naming conventions. It should start with a lower case letter and only contain lower case letters, digits, underscores, and dashes.
[4.308s] -- Added test 'cppcheck' to perform static code analysis on C / C++ code
[4.308s] -- Configured cppcheck include dirs: $<BUILD_INTERFACE:/home/user/ws/src/ADS1115/include>
[4.309s] -- Configured cppcheck exclude dirs and/or files: 
[4.312s] -- Added test 'lint_cmake' to check CMake code style
[4.318s] -- Added test 'uncrustify' to check C / C++ code style
[4.319s] -- Configured uncrustify additional arguments: 
[4.320s] -- Added test 'xmllint' to check XML markup files
[4.323s] -- Configuring done
[4.372s] -- Generating done
[4.379s] -- Build files have been written to: /home/user/ws/build/ADS1115
[4.508s] [ 50%] [32mBuilding CXX object CMakeFiles/battery_monitor.dir/src/battery_monitor.cpp.o[0m
[16.453s] [100%] [32m[1mLinking CXX executable battery_monitor[0m
[17.025s] [100%] Built target battery_monitor
[17.060s] Invoked command in '/home/user/ws/build/ADS1115' returned '0': CMAKE_PREFIX_PATH=/opt/ros/humble /usr/bin/cmake --build /home/user/ws/build/ADS1115 -- -j4 -l4
[17.219s] Invoking command in '/home/user/ws/build/ADS1115': CMAKE_PREFIX_PATH=/opt/ros/humble /usr/bin/cmake --install /home/user/ws/build/ADS1115
[17.245s] -- Install configuration: ""
[17.245s] -- Installing: /home/user/ws/install/ADS1115/lib/ADS1115/battery_monitor
[17.248s] -- Set runtime path of "/home/user/ws/install/ADS1115/lib/ADS1115/battery_monitor" to ""
[17.249s] -- Installing: /home/user/ws/install/ADS1115/share/ament_index/resource_index/package_run_dependencies/ADS1115
[17.250s] -- Installing: /home/user/ws/install/ADS1115/share/ament_index/resource_index/parent_prefix_path/ADS1115
[17.252s] -- Installing: /home/user/ws/install/ADS1115/share/ADS1115/environment/ament_prefix_path.sh
[17.253s] -- Installing: /home/user/ws/install/ADS1115/share/ADS1115/environment/ament_prefix_path.dsv
[17.254s] -- Installing: /home/user/ws/install/ADS1115/share/ADS1115/environment/path.sh
[17.254s] -- Installing: /home/user/ws/install/ADS1115/share/ADS1115/environment/path.dsv
[17.255s] -- Installing: /home/user/ws/install/ADS1115/share/ADS1115/local_setup.bash
[17.256s] -- Installing: /home/user/ws/install/ADS1115/share/ADS1115/local_setup.sh
[17.257s] -- Installing: /home/user/ws/install/ADS1115/share/ADS1115/local_setup.zsh
[17.258s] -- Installing: /home/user/ws/install/ADS1115/share/ADS1115/local_setup.dsv
[17.259s] -- Installing: /home/user/ws/install/ADS1115/share/ADS1115/package.dsv
[17.261s] -- Installing: /home/user/ws/install/ADS1115/share/ament_index/resource_index/packages/ADS1115
[17.262s] -- Installing: /home/user/ws/install/ADS1115/share/ADS1115/cmake/ADS1115Config.cmake
[17.263s] -- Installing: /home/user/ws/install/ADS1115/share/ADS1115/cmake/ADS1115Config-version.cmake
[17.264s] -- Installing: /home/user/ws/install/ADS1115/share/ADS1115/package.xml
[17.269s] Invoked command in '/home/user/ws/build/ADS1115' returned '0': CMAKE_PREFIX_PATH=/opt/ros/humble /usr/bin/cmake --install /home/user/ws/build/ADS1115
