[0.039s] Invoking command in '/home/user/ws/build/ads1115': CMAKE_PREFIX_PATH=/opt/ros/humble /usr/bin/cmake --build /home/user/ws/build/ads1115 -- -j4 -l4
[0.130s] -- Found ament_cmake: 1.3.9 (/opt/ros/humble/share/ament_cmake/cmake)
[0.656s] -- Found rclcpp: 16.0.9 (/opt/ros/humble/share/rclcpp/cmake)
[0.886s] -- Found rosidl_generator_c: 3.1.5 (/opt/ros/humble/share/rosidl_generator_c/cmake)
[0.916s] -- Found rosidl_adapter: 3.1.5 (/opt/ros/humble/share/rosidl_adapter/cmake)
[0.960s] -- Found rosidl_generator_cpp: 3.1.5 (/opt/ros/humble/share/rosidl_generator_cpp/cmake)
[1.024s] -- Using all available rosidl_typesupport_c: rosidl_typesupport_fastrtps_c;rosidl_typesupport_introspection_c
[1.115s] -- Using all available rosidl_typesupport_cpp: rosidl_typesupport_fastrtps_cpp;rosidl_typesupport_introspection_cpp
[1.424s] -- Found rmw_implementation_cmake: 6.1.2 (/opt/ros/humble/share/rmw_implementation_cmake/cmake)
[1.440s] -- Found rmw_fastrtps_cpp: 6.2.6 (/opt/ros/humble/share/rmw_fastrtps_cpp/cmake)
[1.872s] -- Found OpenSSL: /usr/lib/aarch64-linux-gnu/libcrypto.so (found version "3.0.2")  
[1.978s] -- Found FastRTPS: /opt/ros/humble/include  
[2.176s] -- Using RMW implementation 'rmw_fastrtps_cpp' as default
[2.227s] -- Looking for pthread.h
[2.534s] -- Looking for pthread.h - found
[2.536s] -- Performing Test CMAKE_HAVE_LIBC_PTHREAD
[2.840s] -- Performing Test CMAKE_HAVE_LIBC_PTHREAD - Success
[2.844s] -- Found Threads: TRUE  
[3.447s] -- Found ament_lint_auto: 0.12.11 (/opt/ros/humble/share/ament_lint_auto/cmake)
[3.735s] -- Added test 'cppcheck' to perform static code analysis on C / C++ code
[3.736s] -- Configured cppcheck include dirs: $<BUILD_INTERFACE:/home/user/ws/src/ads1115/include>
[3.736s] -- Configured cppcheck exclude dirs and/or files: 
[3.739s] -- Added test 'lint_cmake' to check CMake code style
[3.745s] -- Added test 'uncrustify' to check C / C++ code style
[3.745s] -- Configured uncrustify additional arguments: 
[3.747s] -- Added test 'xmllint' to check XML markup files
[3.750s] -- Configuring done
[3.798s] -- Generating done
[3.805s] -- Build files have been written to: /home/user/ws/build/ads1115
[3.937s] [ 50%] [32mBuilding CXX object CMakeFiles/battery_monitor.dir/src/battery_monitor.cpp.o[0m
[14.882s] [100%] [32m[1mLinking CXX executable battery_monitor[0m
[15.352s] [100%] Built target battery_monitor
[15.387s] Invoked command in '/home/user/ws/build/ads1115' returned '0': CMAKE_PREFIX_PATH=/opt/ros/humble /usr/bin/cmake --build /home/user/ws/build/ads1115 -- -j4 -l4
[15.547s] Invoking command in '/home/user/ws/build/ads1115': CMAKE_PREFIX_PATH=/opt/ros/humble /usr/bin/cmake --install /home/user/ws/build/ads1115
[15.574s] -- Install configuration: ""
[15.574s] -- Installing: /home/user/ws/install/ads1115/lib/ads1115/battery_monitor
[15.577s] -- Set runtime path of "/home/user/ws/install/ads1115/lib/ads1115/battery_monitor" to ""
[15.578s] -- Installing: /home/user/ws/install/ads1115/share/ament_index/resource_index/package_run_dependencies/ads1115
[15.579s] -- Installing: /home/user/ws/install/ads1115/share/ament_index/resource_index/parent_prefix_path/ads1115
[15.580s] -- Installing: /home/user/ws/install/ads1115/share/ads1115/environment/ament_prefix_path.sh
[15.581s] -- Installing: /home/user/ws/install/ads1115/share/ads1115/environment/ament_prefix_path.dsv
[15.582s] -- Installing: /home/user/ws/install/ads1115/share/ads1115/environment/path.sh
[15.583s] -- Installing: /home/user/ws/install/ads1115/share/ads1115/environment/path.dsv
[15.584s] -- Installing: /home/user/ws/install/ads1115/share/ads1115/local_setup.bash
[15.585s] -- Installing: /home/user/ws/install/ads1115/share/ads1115/local_setup.sh
[15.586s] -- Installing: /home/user/ws/install/ads1115/share/ads1115/local_setup.zsh
[15.587s] -- Installing: /home/user/ws/install/ads1115/share/ads1115/local_setup.dsv
[15.588s] -- Installing: /home/user/ws/install/ads1115/share/ads1115/package.dsv
[15.589s] -- Installing: /home/user/ws/install/ads1115/share/ament_index/resource_index/packages/ads1115
[15.590s] -- Installing: /home/user/ws/install/ads1115/share/ads1115/cmake/ads1115Config.cmake
[15.591s] -- Installing: /home/user/ws/install/ads1115/share/ads1115/cmake/ads1115Config-version.cmake
[15.592s] -- Installing: /home/user/ws/install/ads1115/share/ads1115/package.xml
[15.598s] Invoked command in '/home/user/ws/build/ads1115' returned '0': CMAKE_PREFIX_PATH=/opt/ros/humble /usr/bin/cmake --install /home/user/ws/build/ads1115
