[0.041s] Invoking command in '/home/user/ws/build/ads1115': CMAKE_PREFIX_PATH=/opt/ros/humble /usr/bin/cmake --build /home/user/ws/build/ads1115 -- -j4 -l4
[0.205s] [35m[1mConsolidate compiler generated dependencies of target battery_monitor[0m
[0.286s] [ 50%] [32mBuilding CXX object CMakeFiles/battery_monitor.dir/src/battery_monitor.cpp.o[0m
[11.832s] [100%] [32m[1mLinking CXX executable battery_monitor[0m
[12.343s] [100%] Built target battery_monitor
[12.378s] Invoked command in '/home/user/ws/build/ads1115' returned '0': CMAKE_PREFIX_PATH=/opt/ros/humble /usr/bin/cmake --build /home/user/ws/build/ads1115 -- -j4 -l4
[12.537s] Invoking command in '/home/user/ws/build/ads1115': CMAKE_PREFIX_PATH=/opt/ros/humble /usr/bin/cmake --install /home/user/ws/build/ads1115
[12.563s] -- Install configuration: ""
[12.564s] -- Installing: /home/user/ws/install/ads1115/lib/ads1115/battery_monitor
[12.567s] -- Set runtime path of "/home/user/ws/install/ads1115/lib/ads1115/battery_monitor" to ""
[12.568s] -- Up-to-date: /home/user/ws/install/ads1115/share/ament_index/resource_index/package_run_dependencies/ads1115
[12.568s] -- Up-to-date: /home/user/ws/install/ads1115/share/ament_index/resource_index/parent_prefix_path/ads1115
[12.569s] -- Up-to-date: /home/user/ws/install/ads1115/share/ads1115/environment/ament_prefix_path.sh
[12.569s] -- Up-to-date: /home/user/ws/install/ads1115/share/ads1115/environment/ament_prefix_path.dsv
[12.569s] -- Up-to-date: /home/user/ws/install/ads1115/share/ads1115/environment/path.sh
[12.570s] -- Up-to-date: /home/user/ws/install/ads1115/share/ads1115/environment/path.dsv
[12.570s] -- Up-to-date: /home/user/ws/install/ads1115/share/ads1115/local_setup.bash
[12.570s] -- Up-to-date: /home/user/ws/install/ads1115/share/ads1115/local_setup.sh
[12.571s] -- Up-to-date: /home/user/ws/install/ads1115/share/ads1115/local_setup.zsh
[12.571s] -- Up-to-date: /home/user/ws/install/ads1115/share/ads1115/local_setup.dsv
[12.572s] -- Installing: /home/user/ws/install/ads1115/share/ads1115/package.dsv
[12.572s] -- Up-to-date: /home/user/ws/install/ads1115/share/ament_index/resource_index/packages/ads1115
[12.572s] -- Up-to-date: /home/user/ws/install/ads1115/share/ads1115/cmake/ads1115Config.cmake
[12.573s] -- Up-to-date: /home/user/ws/install/ads1115/share/ads1115/cmake/ads1115Config-version.cmake
[12.573s] -- Up-to-date: /home/user/ws/install/ads1115/share/ads1115/package.xml
[12.578s] Invoked command in '/home/user/ws/build/ads1115' returned '0': CMAKE_PREFIX_PATH=/opt/ros/humble /usr/bin/cmake --install /home/user/ws/build/ads1115
