[0.424s] DEBUG:colcon:Command line arguments: ['/usr/bin/colcon', 'build']
[0.425s] DEBUG:colcon:Parsed command line arguments: Namespace(log_base=None, log_level=None, verb_name='build', build_base='build', install_base='install', merge_install=False, symlink_install=False, test_result_base=None, continue_on_error=False, executor='parallel', parallel_workers=4, event_handlers=None, ignore_user_meta=False, metas=['./colcon.meta'], base_paths=['.'], packages_ignore=None, packages_ignore_regex=None, paths=None, packages_up_to=None, packages_up_to_regex=None, packages_above=None, packages_above_and_dependencies=None, packages_above_depth=None, packages_select_by_dep=None, packages_skip_by_dep=None, packages_skip_up_to=None, packages_select_build_failed=False, packages_skip_build_finished=False, packages_select_test_failures=False, packages_skip_test_passed=False, packages_select=None, packages_skip=None, packages_select_regex=None, packages_skip_regex=None, packages_start=None, packages_end=None, allow_overriding=[], cmake_args=None, cmake_target=None, cmake_target_skip_unavailable=False, cmake_clean_cache=False, cmake_clean_first=False, cmake_force_configure=False, ament_cmake_args=None, catkin_cmake_args=None, catkin_skip_building_tests=False, mixin_files=None, mixin=None, verb_parser=<colcon_mixin.mixin.mixin_argument.MixinArgumentDecorator object at 0xffffb97d0550>, verb_extension=<colcon_core.verb.build.BuildVerb object at 0xffffb991cbe0>, main=<bound method BuildVerb.main of <colcon_core.verb.build.BuildVerb object at 0xffffb991cbe0>>, mixin_verb=('build',))
[1.054s] Level 1:colcon.colcon_core.package_discovery:discover_packages(colcon_meta) check parameters
[1.055s] Level 1:colcon.colcon_core.package_discovery:discover_packages(recursive) check parameters
[1.055s] Level 1:colcon.colcon_core.package_discovery:discover_packages(ignore) check parameters
[1.055s] Level 1:colcon.colcon_core.package_discovery:discover_packages(path) check parameters
[1.055s] Level 1:colcon.colcon_core.package_discovery:discover_packages(colcon_meta) discover
[1.055s] Level 1:colcon.colcon_core.package_discovery:discover_packages(recursive) discover
[1.056s] INFO:colcon.colcon_core.package_discovery:Crawling recursively for packages in '/home/user/ws'
[1.056s] Level 1:colcon.colcon_core.package_identification:_identify(.) by extensions ['ignore', 'ignore_ament_install']
[1.056s] Level 1:colcon.colcon_core.package_identification:_identify(.) by extension 'ignore'
[1.057s] Level 1:colcon.colcon_core.package_identification:_identify(.) by extension 'ignore_ament_install'
[1.057s] Level 1:colcon.colcon_core.package_identification:_identify(.) by extensions ['colcon_pkg']
[1.057s] Level 1:colcon.colcon_core.package_identification:_identify(.) by extension 'colcon_pkg'
[1.057s] Level 1:colcon.colcon_core.package_identification:_identify(.) by extensions ['colcon_meta']
[1.057s] Level 1:colcon.colcon_core.package_identification:_identify(.) by extension 'colcon_meta'
[1.057s] Level 1:colcon.colcon_core.package_identification:_identify(.) by extensions ['ros']
[1.057s] Level 1:colcon.colcon_core.package_identification:_identify(.) by extension 'ros'
[1.105s] Level 1:colcon.colcon_core.package_identification:_identify(.) by extensions ['cmake', 'python']
[1.106s] Level 1:colcon.colcon_core.package_identification:_identify(.) by extension 'cmake'
[1.106s] Level 1:colcon.colcon_core.package_identification:_identify(.) by extension 'python'
[1.106s] Level 1:colcon.colcon_core.package_identification:_identify(.) by extensions ['python_setup_py']
[1.106s] Level 1:colcon.colcon_core.package_identification:_identify(.) by extension 'python_setup_py'
[1.107s] Level 1:colcon.colcon_core.package_identification:_identify(build) by extensions ['ignore', 'ignore_ament_install']
[1.107s] Level 1:colcon.colcon_core.package_identification:_identify(build) by extension 'ignore'
[1.107s] Level 1:colcon.colcon_core.package_identification:_identify(build) ignored
[1.108s] Level 1:colcon.colcon_core.package_identification:_identify(install) by extensions ['ignore', 'ignore_ament_install']
[1.108s] Level 1:colcon.colcon_core.package_identification:_identify(install) by extension 'ignore'
[1.108s] Level 1:colcon.colcon_core.package_identification:_identify(install) ignored
[1.109s] Level 1:colcon.colcon_core.package_identification:_identify(log) by extensions ['ignore', 'ignore_ament_install']
[1.109s] Level 1:colcon.colcon_core.package_identification:_identify(log) by extension 'ignore'
[1.109s] Level 1:colcon.colcon_core.package_identification:_identify(log) ignored
[1.110s] Level 1:colcon.colcon_core.package_identification:_identify(src) by extensions ['ignore', 'ignore_ament_install']
[1.110s] Level 1:colcon.colcon_core.package_identification:_identify(src) by extension 'ignore'
[1.110s] Level 1:colcon.colcon_core.package_identification:_identify(src) by extension 'ignore_ament_install'
[1.110s] Level 1:colcon.colcon_core.package_identification:_identify(src) by extensions ['colcon_pkg']
[1.110s] Level 1:colcon.colcon_core.package_identification:_identify(src) by extension 'colcon_pkg'
[1.110s] Level 1:colcon.colcon_core.package_identification:_identify(src) by extensions ['colcon_meta']
[1.111s] Level 1:colcon.colcon_core.package_identification:_identify(src) by extension 'colcon_meta'
[1.111s] Level 1:colcon.colcon_core.package_identification:_identify(src) by extensions ['ros']
[1.111s] Level 1:colcon.colcon_core.package_identification:_identify(src) by extension 'ros'
[1.111s] Level 1:colcon.colcon_core.package_identification:_identify(src) by extensions ['cmake', 'python']
[1.111s] Level 1:colcon.colcon_core.package_identification:_identify(src) by extension 'cmake'
[1.111s] Level 1:colcon.colcon_core.package_identification:_identify(src) by extension 'python'
[1.112s] Level 1:colcon.colcon_core.package_identification:_identify(src) by extensions ['python_setup_py']
[1.112s] Level 1:colcon.colcon_core.package_identification:_identify(src) by extension 'python_setup_py'
[1.112s] Level 1:colcon.colcon_core.package_identification:_identify(src/ads1115) by extensions ['ignore', 'ignore_ament_install']
[1.112s] Level 1:colcon.colcon_core.package_identification:_identify(src/ads1115) by extension 'ignore'
[1.113s] Level 1:colcon.colcon_core.package_identification:_identify(src/ads1115) by extension 'ignore_ament_install'
[1.113s] Level 1:colcon.colcon_core.package_identification:_identify(src/ads1115) by extensions ['colcon_pkg']
[1.113s] Level 1:colcon.colcon_core.package_identification:_identify(src/ads1115) by extension 'colcon_pkg'
[1.113s] Level 1:colcon.colcon_core.package_identification:_identify(src/ads1115) by extensions ['colcon_meta']
[1.113s] Level 1:colcon.colcon_core.package_identification:_identify(src/ads1115) by extension 'colcon_meta'
[1.113s] Level 1:colcon.colcon_core.package_identification:_identify(src/ads1115) by extensions ['ros']
[1.113s] Level 1:colcon.colcon_core.package_identification:_identify(src/ads1115) by extension 'ros'
[1.122s] DEBUG:colcon.colcon_core.package_identification:Package 'src/ads1115' with type 'ros.ament_cmake' and name 'ads1115'
[1.122s] Level 1:colcon.colcon_core.package_discovery:discover_packages(recursive) using defaults
[1.122s] Level 1:colcon.colcon_core.package_discovery:discover_packages(ignore) discover
[1.122s] Level 1:colcon.colcon_core.package_discovery:discover_packages(ignore) using defaults
[1.122s] Level 1:colcon.colcon_core.package_discovery:discover_packages(path) discover
[1.122s] Level 1:colcon.colcon_core.package_discovery:discover_packages(path) using defaults
[1.193s] Level 1:colcon.colcon_core.package_discovery:discover_packages(prefix_path) check parameters
[1.194s] Level 1:colcon.colcon_core.package_discovery:discover_packages(prefix_path) discover
[1.205s] DEBUG:colcon.colcon_installed_package_information.package_discovery:Found 180 installed packages in /opt/ros/humble
[1.209s] Level 1:colcon.colcon_core.package_discovery:discover_packages(prefix_path) using defaults
[1.353s] Level 5:colcon.colcon_core.verb:set package 'ads1115' build argument 'cmake_args' from command line to 'None'
[1.353s] Level 5:colcon.colcon_core.verb:set package 'ads1115' build argument 'cmake_target' from command line to 'None'
[1.353s] Level 5:colcon.colcon_core.verb:set package 'ads1115' build argument 'cmake_target_skip_unavailable' from command line to 'False'
[1.353s] Level 5:colcon.colcon_core.verb:set package 'ads1115' build argument 'cmake_clean_cache' from command line to 'False'
[1.353s] Level 5:colcon.colcon_core.verb:set package 'ads1115' build argument 'cmake_clean_first' from command line to 'False'
[1.353s] Level 5:colcon.colcon_core.verb:set package 'ads1115' build argument 'cmake_force_configure' from command line to 'False'
[1.353s] Level 5:colcon.colcon_core.verb:set package 'ads1115' build argument 'ament_cmake_args' from command line to 'None'
[1.353s] Level 5:colcon.colcon_core.verb:set package 'ads1115' build argument 'catkin_cmake_args' from command line to 'None'
[1.354s] Level 5:colcon.colcon_core.verb:set package 'ads1115' build argument 'catkin_skip_building_tests' from command line to 'False'
[1.354s] DEBUG:colcon.colcon_core.verb:Building package 'ads1115' with the following arguments: {'ament_cmake_args': None, 'build_base': '/home/user/ws/build/ads1115', 'catkin_cmake_args': None, 'catkin_skip_building_tests': False, 'cmake_args': None, 'cmake_clean_cache': False, 'cmake_clean_first': False, 'cmake_force_configure': False, 'cmake_target': None, 'cmake_target_skip_unavailable': False, 'install_base': '/home/user/ws/install/ads1115', 'merge_install': False, 'path': '/home/user/ws/src/ads1115', 'symlink_install': False, 'test_result_base': None}
[1.354s] INFO:colcon.colcon_core.executor:Executing jobs using 'parallel' executor
[1.357s] DEBUG:colcon.colcon_parallel_executor.executor.parallel:run_until_complete
[1.358s] INFO:colcon.colcon_ros.task.ament_cmake.build:Building ROS package in '/home/user/ws/src/ads1115' with build type 'ament_cmake'
[1.359s] INFO:colcon.colcon_cmake.task.cmake.build:Building CMake package in '/home/user/ws/src/ads1115'
[1.367s] INFO:colcon.colcon_core.plugin_system:Skipping extension 'colcon_core.shell.bat': Not used on non-Windows systems
[1.368s] INFO:colcon.colcon_core.shell:Skip shell extension 'powershell' for command environment: Not usable outside of PowerShell
[1.368s] DEBUG:colcon.colcon_core.shell:Skip shell extension 'dsv' for command environment
[1.399s] DEBUG:colcon.colcon_core.event_handler.log_command:Invoking command in '/home/user/ws/build/ads1115': CMAKE_PREFIX_PATH=/opt/ros/humble /usr/bin/cmake --build /home/user/ws/build/ads1115 -- -j4 -l4
[16.747s] DEBUG:colcon.colcon_core.event_handler.log_command:Invoked command in '/home/user/ws/build/ads1115' returned '0': CMAKE_PREFIX_PATH=/opt/ros/humble /usr/bin/cmake --build /home/user/ws/build/ads1115 -- -j4 -l4
[16.908s] DEBUG:colcon.colcon_core.event_handler.log_command:Invoking command in '/home/user/ws/build/ads1115': CMAKE_PREFIX_PATH=/opt/ros/humble /usr/bin/cmake --install /home/user/ws/build/ads1115
[16.957s] Level 1:colcon.colcon_core.environment:create_environment_scripts_only(ads1115)
[16.958s] DEBUG:colcon.colcon_core.event_handler.log_command:Invoked command in '/home/user/ws/build/ads1115' returned '0': CMAKE_PREFIX_PATH=/opt/ros/humble /usr/bin/cmake --install /home/user/ws/build/ads1115
[16.968s] Level 1:colcon.colcon_core.environment:checking '/home/user/ws/install/ads1115' for CMake module files
[16.970s] Level 1:colcon.colcon_core.environment:checking '/home/user/ws/install/ads1115' for CMake config files
[16.973s] Level 1:colcon.colcon_core.shell:create_environment_hook('ads1115', 'cmake_prefix_path')
[16.974s] INFO:colcon.colcon_core.shell:Creating environment hook '/home/user/ws/install/ads1115/share/ads1115/hook/cmake_prefix_path.ps1'
[16.976s] INFO:colcon.colcon_core.shell:Creating environment descriptor '/home/user/ws/install/ads1115/share/ads1115/hook/cmake_prefix_path.dsv'
[16.977s] INFO:colcon.colcon_core.shell:Creating environment hook '/home/user/ws/install/ads1115/share/ads1115/hook/cmake_prefix_path.sh'
[16.981s] Level 1:colcon.colcon_core.environment:checking '/home/user/ws/install/ads1115/lib'
[16.981s] Level 1:colcon.colcon_core.environment:checking '/home/user/ws/install/ads1115/bin'
[16.982s] Level 1:colcon.colcon_core.environment:checking '/home/user/ws/install/ads1115/lib/pkgconfig/ads1115.pc'
[16.983s] Level 1:colcon.colcon_core.environment:checking '/home/user/ws/install/ads1115/lib/python3.10/site-packages'
[16.983s] Level 1:colcon.colcon_core.environment:checking '/home/user/ws/install/ads1115/bin'
[16.985s] INFO:colcon.colcon_core.shell:Creating package script '/home/user/ws/install/ads1115/share/ads1115/package.ps1'
[16.988s] INFO:colcon.colcon_core.shell:Creating package descriptor '/home/user/ws/install/ads1115/share/ads1115/package.dsv'
[16.990s] INFO:colcon.colcon_core.shell:Creating package script '/home/user/ws/install/ads1115/share/ads1115/package.sh'
[16.993s] INFO:colcon.colcon_core.shell:Creating package script '/home/user/ws/install/ads1115/share/ads1115/package.bash'
[16.996s] INFO:colcon.colcon_core.shell:Creating package script '/home/user/ws/install/ads1115/share/ads1115/package.zsh'
[16.999s] Level 1:colcon.colcon_core.environment:create_file_with_runtime_dependencies(/home/user/ws/install/ads1115/share/colcon-core/packages/ads1115)
[17.120s] Level 1:colcon.colcon_core.environment:create_environment_scripts_only(ads1115)
[17.121s] Level 1:colcon.colcon_core.environment:checking '/home/user/ws/install/ads1115' for CMake module files
[17.125s] Level 1:colcon.colcon_core.environment:checking '/home/user/ws/install/ads1115' for CMake config files
[17.128s] Level 1:colcon.colcon_core.shell:create_environment_hook('ads1115', 'cmake_prefix_path')
[17.129s] INFO:colcon.colcon_core.shell:Creating environment hook '/home/user/ws/install/ads1115/share/ads1115/hook/cmake_prefix_path.ps1'
[17.132s] INFO:colcon.colcon_core.shell:Creating environment descriptor '/home/user/ws/install/ads1115/share/ads1115/hook/cmake_prefix_path.dsv'
[17.134s] INFO:colcon.colcon_core.shell:Creating environment hook '/home/user/ws/install/ads1115/share/ads1115/hook/cmake_prefix_path.sh'
[17.136s] Level 1:colcon.colcon_core.environment:checking '/home/user/ws/install/ads1115/lib'
[17.137s] Level 1:colcon.colcon_core.environment:checking '/home/user/ws/install/ads1115/bin'
[17.137s] Level 1:colcon.colcon_core.environment:checking '/home/user/ws/install/ads1115/lib/pkgconfig/ads1115.pc'
[17.138s] Level 1:colcon.colcon_core.environment:checking '/home/user/ws/install/ads1115/lib/python3.10/site-packages'
[17.139s] Level 1:colcon.colcon_core.environment:checking '/home/user/ws/install/ads1115/bin'
[17.140s] INFO:colcon.colcon_core.shell:Creating package script '/home/user/ws/install/ads1115/share/ads1115/package.ps1'
[17.142s] INFO:colcon.colcon_core.shell:Creating package descriptor '/home/user/ws/install/ads1115/share/ads1115/package.dsv'
[17.144s] INFO:colcon.colcon_core.shell:Creating package script '/home/user/ws/install/ads1115/share/ads1115/package.sh'
[17.146s] INFO:colcon.colcon_core.shell:Creating package script '/home/user/ws/install/ads1115/share/ads1115/package.bash'
[17.148s] INFO:colcon.colcon_core.shell:Creating package script '/home/user/ws/install/ads1115/share/ads1115/package.zsh'
[17.150s] Level 1:colcon.colcon_core.environment:create_file_with_runtime_dependencies(/home/user/ws/install/ads1115/share/colcon-core/packages/ads1115)
[17.151s] DEBUG:colcon.colcon_parallel_executor.executor.parallel:closing loop
[17.152s] DEBUG:colcon.colcon_parallel_executor.executor.parallel:loop closed
[17.152s] DEBUG:colcon.colcon_parallel_executor.executor.parallel:run_until_complete finished with '0'
[17.153s] DEBUG:colcon.colcon_core.event_reactor:joining thread
[17.171s] INFO:colcon.colcon_core.plugin_system:Skipping extension 'colcon_notification.desktop_notification.notify_send': Could not find 'notify-send'
[17.172s] INFO:colcon.colcon_core.plugin_system:Skipping extension 'colcon_notification.desktop_notification.terminal_notifier': Not used on non-Darwin systems
[17.172s] INFO:colcon.colcon_core.plugin_system:Skipping extension 'colcon_notification.desktop_notification.win32': Not used on non-Windows systems
[17.172s] INFO:colcon.colcon_notification.desktop_notification:Sending desktop notification using 'notify2'
[17.175s] DEBUG:colcon.colcon_notification.desktop_notification.notify2:Failed to initialize notify2: org.freedesktop.DBus.Error.ServiceUnknown: The name org.freedesktop.Notifications was not provided by any .service files
[17.175s] DEBUG:colcon.colcon_core.event_reactor:joined thread
[17.176s] INFO:colcon.colcon_core.shell:Creating prefix script '/home/user/ws/install/local_setup.ps1'
[17.180s] INFO:colcon.colcon_core.shell:Creating prefix util module '/home/user/ws/install/_local_setup_util_ps1.py'
[17.185s] INFO:colcon.colcon_core.shell:Creating prefix chain script '/home/user/ws/install/setup.ps1'
[17.189s] INFO:colcon.colcon_core.shell:Creating prefix script '/home/user/ws/install/local_setup.sh'
[17.191s] INFO:colcon.colcon_core.shell:Creating prefix util module '/home/user/ws/install/_local_setup_util_sh.py'
[17.193s] INFO:colcon.colcon_core.shell:Creating prefix chain script '/home/user/ws/install/setup.sh'
[17.198s] INFO:colcon.colcon_core.shell:Creating prefix script '/home/user/ws/install/local_setup.bash'
[17.200s] INFO:colcon.colcon_core.shell:Creating prefix chain script '/home/user/ws/install/setup.bash'
[17.204s] INFO:colcon.colcon_core.shell:Creating prefix script '/home/user/ws/install/local_setup.zsh'
[17.206s] INFO:colcon.colcon_core.shell:Creating prefix chain script '/home/user/ws/install/setup.zsh'
