[0.427s] DEBUG:colcon:Command line arguments: ['/usr/bin/colcon', 'build']
[0.427s] DEBUG:colcon:Parsed command line arguments: Namespace(log_base=None, log_level=None, verb_name='build', build_base='build', install_base='install', merge_install=False, symlink_install=False, test_result_base=None, continue_on_error=False, executor='parallel', parallel_workers=4, event_handlers=None, ignore_user_meta=False, metas=['./colcon.meta'], base_paths=['.'], packages_ignore=None, packages_ignore_regex=None, paths=None, packages_up_to=None, packages_up_to_regex=None, packages_above=None, packages_above_and_dependencies=None, packages_above_depth=None, packages_select_by_dep=None, packages_skip_by_dep=None, packages_skip_up_to=None, packages_select_build_failed=False, packages_skip_build_finished=False, packages_select_test_failures=False, packages_skip_test_passed=False, packages_select=None, packages_skip=None, packages_select_regex=None, packages_skip_regex=None, packages_start=None, packages_end=None, allow_overriding=[], cmake_args=None, cmake_target=None, cmake_target_skip_unavailable=False, cmake_clean_cache=False, cmake_clean_first=False, cmake_force_configure=False, ament_cmake_args=None, catkin_cmake_args=None, catkin_skip_building_tests=False, mixin_files=None, mixin=None, verb_parser=<colcon_mixin.mixin.mixin_argument.MixinArgumentDecorator object at 0xffffa9cc0550>, verb_extension=<colcon_core.verb.build.BuildVerb object at 0xffffa9e10be0>, main=<bound method BuildVerb.main of <colcon_core.verb.build.BuildVerb object at 0xffffa9e10be0>>, mixin_verb=('build',))
[1.065s] Level 1:colcon.colcon_core.package_discovery:discover_packages(colcon_meta) check parameters
[1.066s] Level 1:colcon.colcon_core.package_discovery:discover_packages(recursive) check parameters
[1.066s] Level 1:colcon.colcon_core.package_discovery:discover_packages(ignore) check parameters
[1.066s] Level 1:colcon.colcon_core.package_discovery:discover_packages(path) check parameters
[1.066s] Level 1:colcon.colcon_core.package_discovery:discover_packages(colcon_meta) discover
[1.066s] Level 1:colcon.colcon_core.package_discovery:discover_packages(recursive) discover
[1.067s] INFO:colcon.colcon_core.package_discovery:Crawling recursively for packages in '/home/user/ws'
[1.067s] Level 1:colcon.colcon_core.package_identification:_identify(.) by extensions ['ignore', 'ignore_ament_install']
[1.067s] Level 1:colcon.colcon_core.package_identification:_identify(.) by extension 'ignore'
[1.068s] Level 1:colcon.colcon_core.package_identification:_identify(.) by extension 'ignore_ament_install'
[1.068s] Level 1:colcon.colcon_core.package_identification:_identify(.) by extensions ['colcon_pkg']
[1.068s] Level 1:colcon.colcon_core.package_identification:_identify(.) by extension 'colcon_pkg'
[1.068s] Level 1:colcon.colcon_core.package_identification:_identify(.) by extensions ['colcon_meta']
[1.068s] Level 1:colcon.colcon_core.package_identification:_identify(.) by extension 'colcon_meta'
[1.068s] Level 1:colcon.colcon_core.package_identification:_identify(.) by extensions ['ros']
[1.068s] Level 1:colcon.colcon_core.package_identification:_identify(.) by extension 'ros'
[1.117s] Level 1:colcon.colcon_core.package_identification:_identify(.) by extensions ['cmake', 'python']
[1.117s] Level 1:colcon.colcon_core.package_identification:_identify(.) by extension 'cmake'
[1.117s] Level 1:colcon.colcon_core.package_identification:_identify(.) by extension 'python'
[1.118s] Level 1:colcon.colcon_core.package_identification:_identify(.) by extensions ['python_setup_py']
[1.118s] Level 1:colcon.colcon_core.package_identification:_identify(.) by extension 'python_setup_py'
[1.118s] Level 1:colcon.colcon_core.package_identification:_identify(build) by extensions ['ignore', 'ignore_ament_install']
[1.118s] Level 1:colcon.colcon_core.package_identification:_identify(build) by extension 'ignore'
[1.119s] Level 1:colcon.colcon_core.package_identification:_identify(build) ignored
[1.119s] Level 1:colcon.colcon_core.package_identification:_identify(install) by extensions ['ignore', 'ignore_ament_install']
[1.120s] Level 1:colcon.colcon_core.package_identification:_identify(install) by extension 'ignore'
[1.120s] Level 1:colcon.colcon_core.package_identification:_identify(install) ignored
[1.120s] Level 1:colcon.colcon_core.package_identification:_identify(log) by extensions ['ignore', 'ignore_ament_install']
[1.120s] Level 1:colcon.colcon_core.package_identification:_identify(log) by extension 'ignore'
[1.121s] Level 1:colcon.colcon_core.package_identification:_identify(log) ignored
[1.121s] Level 1:colcon.colcon_core.package_identification:_identify(src) by extensions ['ignore', 'ignore_ament_install']
[1.121s] Level 1:colcon.colcon_core.package_identification:_identify(src) by extension 'ignore'
[1.121s] Level 1:colcon.colcon_core.package_identification:_identify(src) by extension 'ignore_ament_install'
[1.122s] Level 1:colcon.colcon_core.package_identification:_identify(src) by extensions ['colcon_pkg']
[1.122s] Level 1:colcon.colcon_core.package_identification:_identify(src) by extension 'colcon_pkg'
[1.122s] Level 1:colcon.colcon_core.package_identification:_identify(src) by extensions ['colcon_meta']
[1.122s] Level 1:colcon.colcon_core.package_identification:_identify(src) by extension 'colcon_meta'
[1.122s] Level 1:colcon.colcon_core.package_identification:_identify(src) by extensions ['ros']
[1.122s] Level 1:colcon.colcon_core.package_identification:_identify(src) by extension 'ros'
[1.123s] Level 1:colcon.colcon_core.package_identification:_identify(src) by extensions ['cmake', 'python']
[1.123s] Level 1:colcon.colcon_core.package_identification:_identify(src) by extension 'cmake'
[1.123s] Level 1:colcon.colcon_core.package_identification:_identify(src) by extension 'python'
[1.123s] Level 1:colcon.colcon_core.package_identification:_identify(src) by extensions ['python_setup_py']
[1.123s] Level 1:colcon.colcon_core.package_identification:_identify(src) by extension 'python_setup_py'
[1.124s] Level 1:colcon.colcon_core.package_identification:_identify(src/ADS1115) by extensions ['ignore', 'ignore_ament_install']
[1.124s] Level 1:colcon.colcon_core.package_identification:_identify(src/ADS1115) by extension 'ignore'
[1.124s] Level 1:colcon.colcon_core.package_identification:_identify(src/ADS1115) by extension 'ignore_ament_install'
[1.124s] Level 1:colcon.colcon_core.package_identification:_identify(src/ADS1115) by extensions ['colcon_pkg']
[1.124s] Level 1:colcon.colcon_core.package_identification:_identify(src/ADS1115) by extension 'colcon_pkg'
[1.124s] Level 1:colcon.colcon_core.package_identification:_identify(src/ADS1115) by extensions ['colcon_meta']
[1.125s] Level 1:colcon.colcon_core.package_identification:_identify(src/ADS1115) by extension 'colcon_meta'
[1.125s] Level 1:colcon.colcon_core.package_identification:_identify(src/ADS1115) by extensions ['ros']
[1.125s] Level 1:colcon.colcon_core.package_identification:_identify(src/ADS1115) by extension 'ros'
[1.133s] DEBUG:colcon.colcon_core.package_identification:Package 'src/ADS1115' with type 'ros.ament_cmake' and name 'ADS1115'
[1.133s] Level 1:colcon.colcon_core.package_discovery:discover_packages(recursive) using defaults
[1.134s] Level 1:colcon.colcon_core.package_discovery:discover_packages(ignore) discover
[1.134s] Level 1:colcon.colcon_core.package_discovery:discover_packages(ignore) using defaults
[1.134s] Level 1:colcon.colcon_core.package_discovery:discover_packages(path) discover
[1.134s] Level 1:colcon.colcon_core.package_discovery:discover_packages(path) using defaults
[1.206s] Level 1:colcon.colcon_core.package_discovery:discover_packages(prefix_path) check parameters
[1.206s] Level 1:colcon.colcon_core.package_discovery:discover_packages(prefix_path) discover
[1.217s] DEBUG:colcon.colcon_installed_package_information.package_discovery:Found 180 installed packages in /opt/ros/humble
[1.221s] Level 1:colcon.colcon_core.package_discovery:discover_packages(prefix_path) using defaults
[1.365s] Level 5:colcon.colcon_core.verb:set package 'ADS1115' build argument 'cmake_args' from command line to 'None'
[1.366s] Level 5:colcon.colcon_core.verb:set package 'ADS1115' build argument 'cmake_target' from command line to 'None'
[1.366s] Level 5:colcon.colcon_core.verb:set package 'ADS1115' build argument 'cmake_target_skip_unavailable' from command line to 'False'
[1.366s] Level 5:colcon.colcon_core.verb:set package 'ADS1115' build argument 'cmake_clean_cache' from command line to 'False'
[1.366s] Level 5:colcon.colcon_core.verb:set package 'ADS1115' build argument 'cmake_clean_first' from command line to 'False'
[1.366s] Level 5:colcon.colcon_core.verb:set package 'ADS1115' build argument 'cmake_force_configure' from command line to 'False'
[1.366s] Level 5:colcon.colcon_core.verb:set package 'ADS1115' build argument 'ament_cmake_args' from command line to 'None'
[1.366s] Level 5:colcon.colcon_core.verb:set package 'ADS1115' build argument 'catkin_cmake_args' from command line to 'None'
[1.366s] Level 5:colcon.colcon_core.verb:set package 'ADS1115' build argument 'catkin_skip_building_tests' from command line to 'False'
[1.366s] DEBUG:colcon.colcon_core.verb:Building package 'ADS1115' with the following arguments: {'ament_cmake_args': None, 'build_base': '/home/user/ws/build/ADS1115', 'catkin_cmake_args': None, 'catkin_skip_building_tests': False, 'cmake_args': None, 'cmake_clean_cache': False, 'cmake_clean_first': False, 'cmake_force_configure': False, 'cmake_target': None, 'cmake_target_skip_unavailable': False, 'install_base': '/home/user/ws/install/ADS1115', 'merge_install': False, 'path': '/home/user/ws/src/ADS1115', 'symlink_install': False, 'test_result_base': None}
[1.367s] INFO:colcon.colcon_core.executor:Executing jobs using 'parallel' executor
[1.370s] DEBUG:colcon.colcon_parallel_executor.executor.parallel:run_until_complete
[1.371s] INFO:colcon.colcon_ros.task.ament_cmake.build:Building ROS package in '/home/user/ws/src/ADS1115' with build type 'ament_cmake'
[1.372s] INFO:colcon.colcon_cmake.task.cmake.build:Building CMake package in '/home/user/ws/src/ADS1115'
[1.380s] INFO:colcon.colcon_core.plugin_system:Skipping extension 'colcon_core.shell.bat': Not used on non-Windows systems
[1.380s] INFO:colcon.colcon_core.shell:Skip shell extension 'powershell' for command environment: Not usable outside of PowerShell
[1.381s] DEBUG:colcon.colcon_core.shell:Skip shell extension 'dsv' for command environment
[1.419s] DEBUG:colcon.colcon_core.event_handler.log_command:Invoking command in '/home/user/ws/build/ADS1115': CMAKE_PREFIX_PATH=/opt/ros/humble /usr/bin/cmake --build /home/user/ws/build/ADS1115 -- -j4 -l4
[18.432s] DEBUG:colcon.colcon_core.event_handler.log_command:Invoked command in '/home/user/ws/build/ADS1115' returned '0': CMAKE_PREFIX_PATH=/opt/ros/humble /usr/bin/cmake --build /home/user/ws/build/ADS1115 -- -j4 -l4
[18.592s] DEBUG:colcon.colcon_core.event_handler.log_command:Invoking command in '/home/user/ws/build/ADS1115': CMAKE_PREFIX_PATH=/opt/ros/humble /usr/bin/cmake --install /home/user/ws/build/ADS1115
[18.641s] Level 1:colcon.colcon_core.environment:create_environment_scripts_only(ADS1115)
[18.642s] DEBUG:colcon.colcon_core.event_handler.log_command:Invoked command in '/home/user/ws/build/ADS1115' returned '0': CMAKE_PREFIX_PATH=/opt/ros/humble /usr/bin/cmake --install /home/user/ws/build/ADS1115
[18.651s] Level 1:colcon.colcon_core.environment:checking '/home/user/ws/install/ADS1115' for CMake module files
[18.654s] Level 1:colcon.colcon_core.environment:checking '/home/user/ws/install/ADS1115' for CMake config files
[18.655s] Level 1:colcon.colcon_core.shell:create_environment_hook('ADS1115', 'cmake_prefix_path')
[18.656s] INFO:colcon.colcon_core.shell:Creating environment hook '/home/user/ws/install/ADS1115/share/ADS1115/hook/cmake_prefix_path.ps1'
[18.659s] INFO:colcon.colcon_core.shell:Creating environment descriptor '/home/user/ws/install/ADS1115/share/ADS1115/hook/cmake_prefix_path.dsv'
[18.662s] INFO:colcon.colcon_core.shell:Creating environment hook '/home/user/ws/install/ADS1115/share/ADS1115/hook/cmake_prefix_path.sh'
[18.666s] Level 1:colcon.colcon_core.environment:checking '/home/user/ws/install/ADS1115/lib'
[18.666s] Level 1:colcon.colcon_core.environment:checking '/home/user/ws/install/ADS1115/bin'
[18.667s] Level 1:colcon.colcon_core.environment:checking '/home/user/ws/install/ADS1115/lib/pkgconfig/ADS1115.pc'
[18.668s] Level 1:colcon.colcon_core.environment:checking '/home/user/ws/install/ADS1115/lib/python3.10/site-packages'
[18.668s] Level 1:colcon.colcon_core.environment:checking '/home/user/ws/install/ADS1115/bin'
[18.670s] INFO:colcon.colcon_core.shell:Creating package script '/home/user/ws/install/ADS1115/share/ADS1115/package.ps1'
[18.673s] INFO:colcon.colcon_core.shell:Creating package descriptor '/home/user/ws/install/ADS1115/share/ADS1115/package.dsv'
[18.675s] INFO:colcon.colcon_core.shell:Creating package script '/home/user/ws/install/ADS1115/share/ADS1115/package.sh'
[18.678s] INFO:colcon.colcon_core.shell:Creating package script '/home/user/ws/install/ADS1115/share/ADS1115/package.bash'
[18.681s] INFO:colcon.colcon_core.shell:Creating package script '/home/user/ws/install/ADS1115/share/ADS1115/package.zsh'
[18.685s] Level 1:colcon.colcon_core.environment:create_file_with_runtime_dependencies(/home/user/ws/install/ADS1115/share/colcon-core/packages/ADS1115)
[18.805s] Level 1:colcon.colcon_core.environment:create_environment_scripts_only(ADS1115)
[18.806s] Level 1:colcon.colcon_core.environment:checking '/home/user/ws/install/ADS1115' for CMake module files
[18.810s] Level 1:colcon.colcon_core.environment:checking '/home/user/ws/install/ADS1115' for CMake config files
[18.812s] Level 1:colcon.colcon_core.shell:create_environment_hook('ADS1115', 'cmake_prefix_path')
[18.813s] INFO:colcon.colcon_core.shell:Creating environment hook '/home/user/ws/install/ADS1115/share/ADS1115/hook/cmake_prefix_path.ps1'
[18.815s] INFO:colcon.colcon_core.shell:Creating environment descriptor '/home/user/ws/install/ADS1115/share/ADS1115/hook/cmake_prefix_path.dsv'
[18.817s] INFO:colcon.colcon_core.shell:Creating environment hook '/home/user/ws/install/ADS1115/share/ADS1115/hook/cmake_prefix_path.sh'
[18.820s] Level 1:colcon.colcon_core.environment:checking '/home/user/ws/install/ADS1115/lib'
[18.821s] Level 1:colcon.colcon_core.environment:checking '/home/user/ws/install/ADS1115/bin'
[18.821s] Level 1:colcon.colcon_core.environment:checking '/home/user/ws/install/ADS1115/lib/pkgconfig/ADS1115.pc'
[18.822s] Level 1:colcon.colcon_core.environment:checking '/home/user/ws/install/ADS1115/lib/python3.10/site-packages'
[18.823s] Level 1:colcon.colcon_core.environment:checking '/home/user/ws/install/ADS1115/bin'
[18.824s] INFO:colcon.colcon_core.shell:Creating package script '/home/user/ws/install/ADS1115/share/ADS1115/package.ps1'
[18.826s] INFO:colcon.colcon_core.shell:Creating package descriptor '/home/user/ws/install/ADS1115/share/ADS1115/package.dsv'
[18.828s] INFO:colcon.colcon_core.shell:Creating package script '/home/user/ws/install/ADS1115/share/ADS1115/package.sh'
[18.830s] INFO:colcon.colcon_core.shell:Creating package script '/home/user/ws/install/ADS1115/share/ADS1115/package.bash'
[18.832s] INFO:colcon.colcon_core.shell:Creating package script '/home/user/ws/install/ADS1115/share/ADS1115/package.zsh'
[18.834s] Level 1:colcon.colcon_core.environment:create_file_with_runtime_dependencies(/home/user/ws/install/ADS1115/share/colcon-core/packages/ADS1115)
[18.835s] DEBUG:colcon.colcon_parallel_executor.executor.parallel:closing loop
[18.836s] DEBUG:colcon.colcon_parallel_executor.executor.parallel:loop closed
[18.836s] DEBUG:colcon.colcon_parallel_executor.executor.parallel:run_until_complete finished with '0'
[18.837s] DEBUG:colcon.colcon_core.event_reactor:joining thread
[18.857s] INFO:colcon.colcon_core.plugin_system:Skipping extension 'colcon_notification.desktop_notification.notify_send': Could not find 'notify-send'
[18.857s] INFO:colcon.colcon_core.plugin_system:Skipping extension 'colcon_notification.desktop_notification.terminal_notifier': Not used on non-Darwin systems
[18.857s] INFO:colcon.colcon_core.plugin_system:Skipping extension 'colcon_notification.desktop_notification.win32': Not used on non-Windows systems
[18.857s] INFO:colcon.colcon_notification.desktop_notification:Sending desktop notification using 'notify2'
[18.860s] DEBUG:colcon.colcon_notification.desktop_notification.notify2:Failed to initialize notify2: org.freedesktop.DBus.Error.ServiceUnknown: The name org.freedesktop.Notifications was not provided by any .service files
[18.861s] DEBUG:colcon.colcon_core.event_reactor:joined thread
[18.861s] INFO:colcon.colcon_core.shell:Creating prefix script '/home/user/ws/install/local_setup.ps1'
[18.865s] INFO:colcon.colcon_core.shell:Creating prefix util module '/home/user/ws/install/_local_setup_util_ps1.py'
[18.871s] INFO:colcon.colcon_core.shell:Creating prefix chain script '/home/user/ws/install/setup.ps1'
[18.875s] INFO:colcon.colcon_core.shell:Creating prefix script '/home/user/ws/install/local_setup.sh'
[18.877s] INFO:colcon.colcon_core.shell:Creating prefix util module '/home/user/ws/install/_local_setup_util_sh.py'
[18.879s] INFO:colcon.colcon_core.shell:Creating prefix chain script '/home/user/ws/install/setup.sh'
[18.884s] INFO:colcon.colcon_core.shell:Creating prefix script '/home/user/ws/install/local_setup.bash'
[18.886s] INFO:colcon.colcon_core.shell:Creating prefix chain script '/home/user/ws/install/setup.bash'
[18.889s] INFO:colcon.colcon_core.shell:Creating prefix script '/home/user/ws/install/local_setup.zsh'
[18.892s] INFO:colcon.colcon_core.shell:Creating prefix chain script '/home/user/ws/install/setup.zsh'
