[0.042s] Invoking command in '/home/user/ws/build/ads1115': CMAKE_PREFIX_PATH=/opt/ros/humble /usr/bin/cmake --build /home/user/ws/build/ads1115 -- -j4 -l4
[0.208s] [35m[1mConsolidate compiler generated dependencies of target battery_monitor[0m
[0.289s] [ 50%] [32mBuilding CXX object CMakeFiles/battery_monitor.dir/src/battery_monitor.cpp.o[0m
[11.701s] [100%] [32m[1mLinking CXX executable battery_monitor[0m
[12.204s] [100%] Built target battery_monitor
[12.239s] Invoked command in '/home/user/ws/build/ads1115' returned '0': CMAKE_PREFIX_PATH=/opt/ros/humble /usr/bin/cmake --build /home/user/ws/build/ads1115 -- -j4 -l4
[12.403s] Invoking command in '/home/user/ws/build/ads1115': CMAKE_PREFIX_PATH=/opt/ros/humble /usr/bin/cmake --install /home/user/ws/build/ads1115
[12.428s] -- Install configuration: ""
[12.429s] -- Installing: /home/user/ws/install/ads1115/lib/ads1115/battery_monitor
[12.433s] -- Set runtime path of "/home/user/ws/install/ads1115/lib/ads1115/battery_monitor" to ""
[12.433s] -- Up-to-date: /home/user/ws/install/ads1115/share/ament_index/resource_index/package_run_dependencies/ads1115
[12.434s] -- Up-to-date: /home/user/ws/install/ads1115/share/ament_index/resource_index/parent_prefix_path/ads1115
[12.434s] -- Up-to-date: /home/user/ws/install/ads1115/share/ads1115/environment/ament_prefix_path.sh
[12.435s] -- Up-to-date: /home/user/ws/install/ads1115/share/ads1115/environment/ament_prefix_path.dsv
[12.435s] -- Up-to-date: /home/user/ws/install/ads1115/share/ads1115/environment/path.sh
[12.435s] -- Up-to-date: /home/user/ws/install/ads1115/share/ads1115/environment/path.dsv
[12.436s] -- Up-to-date: /home/user/ws/install/ads1115/share/ads1115/local_setup.bash
[12.436s] -- Up-to-date: /home/user/ws/install/ads1115/share/ads1115/local_setup.sh
[12.436s] -- Up-to-date: /home/user/ws/install/ads1115/share/ads1115/local_setup.zsh
[12.437s] -- Up-to-date: /home/user/ws/install/ads1115/share/ads1115/local_setup.dsv
[12.437s] -- Installing: /home/user/ws/install/ads1115/share/ads1115/package.dsv
[12.438s] -- Up-to-date: /home/user/ws/install/ads1115/share/ament_index/resource_index/packages/ads1115
[12.438s] -- Up-to-date: /home/user/ws/install/ads1115/share/ads1115/cmake/ads1115Config.cmake
[12.438s] -- Up-to-date: /home/user/ws/install/ads1115/share/ads1115/cmake/ads1115Config-version.cmake
[12.439s] -- Up-to-date: /home/user/ws/install/ads1115/share/ads1115/package.xml
[12.444s] Invoked command in '/home/user/ws/build/ads1115' returned '0': CMAKE_PREFIX_PATH=/opt/ros/humble /usr/bin/cmake --install /home/user/ws/build/ads1115
