[0.429s] DEBUG:colcon:Command line arguments: ['/usr/bin/colcon', 'build']
[0.429s] DEBUG:colcon:Parsed command line arguments: Namespace(log_base=None, log_level=None, verb_name='build', build_base='build', install_base='install', merge_install=False, symlink_install=False, test_result_base=None, continue_on_error=False, executor='parallel', parallel_workers=4, event_handlers=None, ignore_user_meta=False, metas=['./colcon.meta'], base_paths=['.'], packages_ignore=None, packages_ignore_regex=None, paths=None, packages_up_to=None, packages_up_to_regex=None, packages_above=None, packages_above_and_dependencies=None, packages_above_depth=None, packages_select_by_dep=None, packages_skip_by_dep=None, packages_skip_up_to=None, packages_select_build_failed=False, packages_skip_build_finished=False, packages_select_test_failures=False, packages_skip_test_passed=False, packages_select=None, packages_skip=None, packages_select_regex=None, packages_skip_regex=None, packages_start=None, packages_end=None, allow_overriding=[], cmake_args=None, cmake_target=None, cmake_target_skip_unavailable=False, cmake_clean_cache=False, cmake_clean_first=False, cmake_force_configure=False, ament_cmake_args=None, catkin_cmake_args=None, catkin_skip_building_tests=False, mixin_files=None, mixin=None, verb_parser=<colcon_mixin.mixin.mixin_argument.MixinArgumentDecorator object at 0xffff9a770550>, verb_extension=<colcon_core.verb.build.BuildVerb object at 0xffff9a8c0be0>, main=<bound method BuildVerb.main of <colcon_core.verb.build.BuildVerb object at 0xffff9a8c0be0>>, mixin_verb=('build',))
[1.060s] Level 1:colcon.colcon_core.package_discovery:discover_packages(colcon_meta) check parameters
[1.060s] Level 1:colcon.colcon_core.package_discovery:discover_packages(recursive) check parameters
[1.060s] Level 1:colcon.colcon_core.package_discovery:discover_packages(ignore) check parameters
[1.061s] Level 1:colcon.colcon_core.package_discovery:discover_packages(path) check parameters
[1.061s] Level 1:colcon.colcon_core.package_discovery:discover_packages(colcon_meta) discover
[1.061s] Level 1:colcon.colcon_core.package_discovery:discover_packages(recursive) discover
[1.061s] INFO:colcon.colcon_core.package_discovery:Crawling recursively for packages in '/home/user/ws'
[1.061s] Level 1:colcon.colcon_core.package_identification:_identify(.) by extensions ['ignore', 'ignore_ament_install']
[1.062s] Level 1:colcon.colcon_core.package_identification:_identify(.) by extension 'ignore'
[1.062s] Level 1:colcon.colcon_core.package_identification:_identify(.) by extension 'ignore_ament_install'
[1.062s] Level 1:colcon.colcon_core.package_identification:_identify(.) by extensions ['colcon_pkg']
[1.062s] Level 1:colcon.colcon_core.package_identification:_identify(.) by extension 'colcon_pkg'
[1.063s] Level 1:colcon.colcon_core.package_identification:_identify(.) by extensions ['colcon_meta']
[1.063s] Level 1:colcon.colcon_core.package_identification:_identify(.) by extension 'colcon_meta'
[1.063s] Level 1:colcon.colcon_core.package_identification:_identify(.) by extensions ['ros']
[1.063s] Level 1:colcon.colcon_core.package_identification:_identify(.) by extension 'ros'
[1.111s] Level 1:colcon.colcon_core.package_identification:_identify(.) by extensions ['cmake', 'python']
[1.112s] Level 1:colcon.colcon_core.package_identification:_identify(.) by extension 'cmake'
[1.112s] Level 1:colcon.colcon_core.package_identification:_identify(.) by extension 'python'
[1.112s] Level 1:colcon.colcon_core.package_identification:_identify(.) by extensions ['python_setup_py']
[1.112s] Level 1:colcon.colcon_core.package_identification:_identify(.) by extension 'python_setup_py'
[1.113s] Level 1:colcon.colcon_core.package_identification:_identify(build) by extensions ['ignore', 'ignore_ament_install']
[1.113s] Level 1:colcon.colcon_core.package_identification:_identify(build) by extension 'ignore'
[1.113s] Level 1:colcon.colcon_core.package_identification:_identify(build) ignored
[1.114s] Level 1:colcon.colcon_core.package_identification:_identify(install) by extensions ['ignore', 'ignore_ament_install']
[1.114s] Level 1:colcon.colcon_core.package_identification:_identify(install) by extension 'ignore'
[1.114s] Level 1:colcon.colcon_core.package_identification:_identify(install) ignored
[1.115s] Level 1:colcon.colcon_core.package_identification:_identify(log) by extensions ['ignore', 'ignore_ament_install']
[1.115s] Level 1:colcon.colcon_core.package_identification:_identify(log) by extension 'ignore'
[1.115s] Level 1:colcon.colcon_core.package_identification:_identify(log) ignored
[1.116s] Level 1:colcon.colcon_core.package_identification:_identify(src) by extensions ['ignore', 'ignore_ament_install']
[1.116s] Level 1:colcon.colcon_core.package_identification:_identify(src) by extension 'ignore'
[1.116s] Level 1:colcon.colcon_core.package_identification:_identify(src) by extension 'ignore_ament_install'
[1.116s] Level 1:colcon.colcon_core.package_identification:_identify(src) by extensions ['colcon_pkg']
[1.117s] Level 1:colcon.colcon_core.package_identification:_identify(src) by extension 'colcon_pkg'
[1.117s] Level 1:colcon.colcon_core.package_identification:_identify(src) by extensions ['colcon_meta']
[1.117s] Level 1:colcon.colcon_core.package_identification:_identify(src) by extension 'colcon_meta'
[1.117s] Level 1:colcon.colcon_core.package_identification:_identify(src) by extensions ['ros']
[1.117s] Level 1:colcon.colcon_core.package_identification:_identify(src) by extension 'ros'
[1.117s] Level 1:colcon.colcon_core.package_identification:_identify(src) by extensions ['cmake', 'python']
[1.118s] Level 1:colcon.colcon_core.package_identification:_identify(src) by extension 'cmake'
[1.118s] Level 1:colcon.colcon_core.package_identification:_identify(src) by extension 'python'
[1.118s] Level 1:colcon.colcon_core.package_identification:_identify(src) by extensions ['python_setup_py']
[1.118s] Level 1:colcon.colcon_core.package_identification:_identify(src) by extension 'python_setup_py'
[1.118s] Level 1:colcon.colcon_core.package_identification:_identify(src/ads1115) by extensions ['ignore', 'ignore_ament_install']
[1.119s] Level 1:colcon.colcon_core.package_identification:_identify(src/ads1115) by extension 'ignore'
[1.119s] Level 1:colcon.colcon_core.package_identification:_identify(src/ads1115) by extension 'ignore_ament_install'
[1.119s] Level 1:colcon.colcon_core.package_identification:_identify(src/ads1115) by extensions ['colcon_pkg']
[1.119s] Level 1:colcon.colcon_core.package_identification:_identify(src/ads1115) by extension 'colcon_pkg'
[1.119s] Level 1:colcon.colcon_core.package_identification:_identify(src/ads1115) by extensions ['colcon_meta']
[1.120s] Level 1:colcon.colcon_core.package_identification:_identify(src/ads1115) by extension 'colcon_meta'
[1.120s] Level 1:colcon.colcon_core.package_identification:_identify(src/ads1115) by extensions ['ros']
[1.120s] Level 1:colcon.colcon_core.package_identification:_identify(src/ads1115) by extension 'ros'
[1.128s] DEBUG:colcon.colcon_core.package_identification:Package 'src/ads1115' with type 'ros.ament_cmake' and name 'ads1115'
[1.128s] Level 1:colcon.colcon_core.package_discovery:discover_packages(recursive) using defaults
[1.128s] Level 1:colcon.colcon_core.package_discovery:discover_packages(ignore) discover
[1.128s] Level 1:colcon.colcon_core.package_discovery:discover_packages(ignore) using defaults
[1.129s] Level 1:colcon.colcon_core.package_discovery:discover_packages(path) discover
[1.129s] Level 1:colcon.colcon_core.package_discovery:discover_packages(path) using defaults
[1.200s] Level 1:colcon.colcon_core.package_discovery:discover_packages(prefix_path) check parameters
[1.200s] Level 1:colcon.colcon_core.package_discovery:discover_packages(prefix_path) discover
[1.211s] DEBUG:colcon.colcon_installed_package_information.package_discovery:Found 180 installed packages in /opt/ros/humble
[1.216s] Level 1:colcon.colcon_core.package_discovery:discover_packages(prefix_path) using defaults
[1.360s] Level 5:colcon.colcon_core.verb:set package 'ads1115' build argument 'cmake_args' from command line to 'None'
[1.360s] Level 5:colcon.colcon_core.verb:set package 'ads1115' build argument 'cmake_target' from command line to 'None'
[1.360s] Level 5:colcon.colcon_core.verb:set package 'ads1115' build argument 'cmake_target_skip_unavailable' from command line to 'False'
[1.360s] Level 5:colcon.colcon_core.verb:set package 'ads1115' build argument 'cmake_clean_cache' from command line to 'False'
[1.360s] Level 5:colcon.colcon_core.verb:set package 'ads1115' build argument 'cmake_clean_first' from command line to 'False'
[1.361s] Level 5:colcon.colcon_core.verb:set package 'ads1115' build argument 'cmake_force_configure' from command line to 'False'
[1.361s] Level 5:colcon.colcon_core.verb:set package 'ads1115' build argument 'ament_cmake_args' from command line to 'None'
[1.361s] Level 5:colcon.colcon_core.verb:set package 'ads1115' build argument 'catkin_cmake_args' from command line to 'None'
[1.361s] Level 5:colcon.colcon_core.verb:set package 'ads1115' build argument 'catkin_skip_building_tests' from command line to 'False'
[1.361s] DEBUG:colcon.colcon_core.verb:Building package 'ads1115' with the following arguments: {'ament_cmake_args': None, 'build_base': '/home/user/ws/build/ads1115', 'catkin_cmake_args': None, 'catkin_skip_building_tests': False, 'cmake_args': None, 'cmake_clean_cache': False, 'cmake_clean_first': False, 'cmake_force_configure': False, 'cmake_target': None, 'cmake_target_skip_unavailable': False, 'install_base': '/home/user/ws/install/ads1115', 'merge_install': False, 'path': '/home/user/ws/src/ads1115', 'symlink_install': False, 'test_result_base': None}
[1.362s] INFO:colcon.colcon_core.executor:Executing jobs using 'parallel' executor
[1.365s] DEBUG:colcon.colcon_parallel_executor.executor.parallel:run_until_complete
[1.366s] INFO:colcon.colcon_ros.task.ament_cmake.build:Building ROS package in '/home/user/ws/src/ads1115' with build type 'ament_cmake'
[1.366s] INFO:colcon.colcon_cmake.task.cmake.build:Building CMake package in '/home/user/ws/src/ads1115'
[1.375s] INFO:colcon.colcon_core.plugin_system:Skipping extension 'colcon_core.shell.bat': Not used on non-Windows systems
[1.376s] INFO:colcon.colcon_core.shell:Skip shell extension 'powershell' for command environment: Not usable outside of PowerShell
[1.376s] DEBUG:colcon.colcon_core.shell:Skip shell extension 'dsv' for command environment
[1.408s] DEBUG:colcon.colcon_core.event_handler.log_command:Invoking command in '/home/user/ws/build/ads1115': CMAKE_PREFIX_PATH=/opt/ros/humble /usr/bin/cmake --build /home/user/ws/build/ads1115 -- -j4 -l4
[13.721s] DEBUG:colcon.colcon_core.event_handler.log_command:Invoked command in '/home/user/ws/build/ads1115' returned '0': CMAKE_PREFIX_PATH=/opt/ros/humble /usr/bin/cmake --build /home/user/ws/build/ads1115 -- -j4 -l4
[13.886s] DEBUG:colcon.colcon_core.event_handler.log_command:Invoking command in '/home/user/ws/build/ads1115': CMAKE_PREFIX_PATH=/opt/ros/humble /usr/bin/cmake --install /home/user/ws/build/ads1115
[13.924s] Level 1:colcon.colcon_core.environment:create_environment_scripts_only(ads1115)
[13.925s] DEBUG:colcon.colcon_core.event_handler.log_command:Invoked command in '/home/user/ws/build/ads1115' returned '0': CMAKE_PREFIX_PATH=/opt/ros/humble /usr/bin/cmake --install /home/user/ws/build/ads1115
[13.936s] Level 1:colcon.colcon_core.environment:checking '/home/user/ws/install/ads1115' for CMake module files
[13.938s] Level 1:colcon.colcon_core.environment:checking '/home/user/ws/install/ads1115' for CMake config files
[13.941s] Level 1:colcon.colcon_core.shell:create_environment_hook('ads1115', 'cmake_prefix_path')
[13.942s] INFO:colcon.colcon_core.shell:Creating environment hook '/home/user/ws/install/ads1115/share/ads1115/hook/cmake_prefix_path.ps1'
[13.944s] INFO:colcon.colcon_core.shell:Creating environment descriptor '/home/user/ws/install/ads1115/share/ads1115/hook/cmake_prefix_path.dsv'
[13.946s] INFO:colcon.colcon_core.shell:Creating environment hook '/home/user/ws/install/ads1115/share/ads1115/hook/cmake_prefix_path.sh'
[13.950s] Level 1:colcon.colcon_core.environment:checking '/home/user/ws/install/ads1115/lib'
[13.950s] Level 1:colcon.colcon_core.environment:checking '/home/user/ws/install/ads1115/bin'
[13.951s] Level 1:colcon.colcon_core.environment:checking '/home/user/ws/install/ads1115/lib/pkgconfig/ads1115.pc'
[13.951s] Level 1:colcon.colcon_core.environment:checking '/home/user/ws/install/ads1115/lib/python3.10/site-packages'
[13.952s] Level 1:colcon.colcon_core.environment:checking '/home/user/ws/install/ads1115/bin'
[13.953s] INFO:colcon.colcon_core.shell:Creating package script '/home/user/ws/install/ads1115/share/ads1115/package.ps1'
[13.957s] INFO:colcon.colcon_core.shell:Creating package descriptor '/home/user/ws/install/ads1115/share/ads1115/package.dsv'
[13.959s] INFO:colcon.colcon_core.shell:Creating package script '/home/user/ws/install/ads1115/share/ads1115/package.sh'
[13.962s] INFO:colcon.colcon_core.shell:Creating package script '/home/user/ws/install/ads1115/share/ads1115/package.bash'
[13.965s] INFO:colcon.colcon_core.shell:Creating package script '/home/user/ws/install/ads1115/share/ads1115/package.zsh'
[13.968s] Level 1:colcon.colcon_core.environment:create_file_with_runtime_dependencies(/home/user/ws/install/ads1115/share/colcon-core/packages/ads1115)
[14.092s] Level 1:colcon.colcon_core.environment:create_environment_scripts_only(ads1115)
[14.093s] Level 1:colcon.colcon_core.environment:checking '/home/user/ws/install/ads1115' for CMake module files
[14.096s] Level 1:colcon.colcon_core.environment:checking '/home/user/ws/install/ads1115' for CMake config files
[14.099s] Level 1:colcon.colcon_core.shell:create_environment_hook('ads1115', 'cmake_prefix_path')
[14.100s] INFO:colcon.colcon_core.shell:Creating environment hook '/home/user/ws/install/ads1115/share/ads1115/hook/cmake_prefix_path.ps1'
[14.102s] INFO:colcon.colcon_core.shell:Creating environment descriptor '/home/user/ws/install/ads1115/share/ads1115/hook/cmake_prefix_path.dsv'
[14.104s] INFO:colcon.colcon_core.shell:Creating environment hook '/home/user/ws/install/ads1115/share/ads1115/hook/cmake_prefix_path.sh'
[14.106s] Level 1:colcon.colcon_core.environment:checking '/home/user/ws/install/ads1115/lib'
[14.107s] Level 1:colcon.colcon_core.environment:checking '/home/user/ws/install/ads1115/bin'
[14.107s] Level 1:colcon.colcon_core.environment:checking '/home/user/ws/install/ads1115/lib/pkgconfig/ads1115.pc'
[14.108s] Level 1:colcon.colcon_core.environment:checking '/home/user/ws/install/ads1115/lib/python3.10/site-packages'
[14.109s] Level 1:colcon.colcon_core.environment:checking '/home/user/ws/install/ads1115/bin'
[14.110s] INFO:colcon.colcon_core.shell:Creating package script '/home/user/ws/install/ads1115/share/ads1115/package.ps1'
[14.113s] INFO:colcon.colcon_core.shell:Creating package descriptor '/home/user/ws/install/ads1115/share/ads1115/package.dsv'
[14.115s] INFO:colcon.colcon_core.shell:Creating package script '/home/user/ws/install/ads1115/share/ads1115/package.sh'
[14.117s] INFO:colcon.colcon_core.shell:Creating package script '/home/user/ws/install/ads1115/share/ads1115/package.bash'
[14.119s] INFO:colcon.colcon_core.shell:Creating package script '/home/user/ws/install/ads1115/share/ads1115/package.zsh'
[14.120s] Level 1:colcon.colcon_core.environment:create_file_with_runtime_dependencies(/home/user/ws/install/ads1115/share/colcon-core/packages/ads1115)
[14.121s] DEBUG:colcon.colcon_parallel_executor.executor.parallel:closing loop
[14.123s] DEBUG:colcon.colcon_parallel_executor.executor.parallel:loop closed
[14.123s] DEBUG:colcon.colcon_parallel_executor.executor.parallel:run_until_complete finished with '0'
[14.123s] DEBUG:colcon.colcon_core.event_reactor:joining thread
[14.143s] INFO:colcon.colcon_core.plugin_system:Skipping extension 'colcon_notification.desktop_notification.notify_send': Could not find 'notify-send'
[14.144s] INFO:colcon.colcon_core.plugin_system:Skipping extension 'colcon_notification.desktop_notification.terminal_notifier': Not used on non-Darwin systems
[14.144s] INFO:colcon.colcon_core.plugin_system:Skipping extension 'colcon_notification.desktop_notification.win32': Not used on non-Windows systems
[14.144s] INFO:colcon.colcon_notification.desktop_notification:Sending desktop notification using 'notify2'
[14.147s] DEBUG:colcon.colcon_notification.desktop_notification.notify2:Failed to initialize notify2: org.freedesktop.DBus.Error.ServiceUnknown: The name org.freedesktop.Notifications was not provided by any .service files
[14.147s] DEBUG:colcon.colcon_core.event_reactor:joined thread
[14.148s] INFO:colcon.colcon_core.shell:Creating prefix script '/home/user/ws/install/local_setup.ps1'
[14.152s] INFO:colcon.colcon_core.shell:Creating prefix util module '/home/user/ws/install/_local_setup_util_ps1.py'
[14.157s] INFO:colcon.colcon_core.shell:Creating prefix chain script '/home/user/ws/install/setup.ps1'
[14.161s] INFO:colcon.colcon_core.shell:Creating prefix script '/home/user/ws/install/local_setup.sh'
[14.164s] INFO:colcon.colcon_core.shell:Creating prefix util module '/home/user/ws/install/_local_setup_util_sh.py'
[14.166s] INFO:colcon.colcon_core.shell:Creating prefix chain script '/home/user/ws/install/setup.sh'
[14.171s] INFO:colcon.colcon_core.shell:Creating prefix script '/home/user/ws/install/local_setup.bash'
[14.173s] INFO:colcon.colcon_core.shell:Creating prefix chain script '/home/user/ws/install/setup.bash'
[14.176s] INFO:colcon.colcon_core.shell:Creating prefix script '/home/user/ws/install/local_setup.zsh'
[14.178s] INFO:colcon.colcon_core.shell:Creating prefix chain script '/home/user/ws/install/setup.zsh'
