[0.041s] Invoking command in '/home/user/ws/build/ads1115': CMAKE_PREFIX_PATH=/opt/ros/humble /usr/bin/cmake --build /home/user/ws/build/ads1115 -- -j4 -l4
[0.205s] [35m[1mConsolidate compiler generated dependencies of target battery_monitor[0m
[0.288s] [ 50%] [32mBuilding CXX object CMakeFiles/battery_monitor.dir/src/battery_monitor.cpp.o[0m
[17.066s] [100%] [32m[1mLinking CXX executable battery_monitor[0m
[18.006s] [100%] Built target battery_monitor
[18.043s] Invoked command in '/home/user/ws/build/ads1115' returned '0': CMAKE_PREFIX_PATH=/opt/ros/humble /usr/bin/cmake --build /home/user/ws/build/ads1115 -- -j4 -l4
[18.202s] Invoking command in '/home/user/ws/build/ads1115': CMAKE_PREFIX_PATH=/opt/ros/humble /usr/bin/cmake --install /home/user/ws/build/ads1115
[18.229s] -- Install configuration: ""
[18.230s] -- Installing: /home/user/ws/install/ads1115/lib/ads1115/battery_monitor
[18.239s] -- Set runtime path of "/home/user/ws/install/ads1115/lib/ads1115/battery_monitor" to ""
[18.240s] -- Up-to-date: /home/user/ws/install/ads1115/share/ament_index/resource_index/package_run_dependencies/ads1115
[18.240s] -- Up-to-date: /home/user/ws/install/ads1115/share/ament_index/resource_index/parent_prefix_path/ads1115
[18.241s] -- Up-to-date: /home/user/ws/install/ads1115/share/ads1115/environment/ament_prefix_path.sh
[18.241s] -- Up-to-date: /home/user/ws/install/ads1115/share/ads1115/environment/ament_prefix_path.dsv
[18.242s] -- Up-to-date: /home/user/ws/install/ads1115/share/ads1115/environment/path.sh
[18.242s] -- Up-to-date: /home/user/ws/install/ads1115/share/ads1115/environment/path.dsv
[18.242s] -- Up-to-date: /home/user/ws/install/ads1115/share/ads1115/local_setup.bash
[18.243s] -- Up-to-date: /home/user/ws/install/ads1115/share/ads1115/local_setup.sh
[18.243s] -- Up-to-date: /home/user/ws/install/ads1115/share/ads1115/local_setup.zsh
[18.243s] -- Up-to-date: /home/user/ws/install/ads1115/share/ads1115/local_setup.dsv
[18.244s] -- Installing: /home/user/ws/install/ads1115/share/ads1115/package.dsv
[18.244s] -- Up-to-date: /home/user/ws/install/ads1115/share/ament_index/resource_index/packages/ads1115
[18.245s] -- Up-to-date: /home/user/ws/install/ads1115/share/ads1115/cmake/ads1115Config.cmake
[18.245s] -- Up-to-date: /home/user/ws/install/ads1115/share/ads1115/cmake/ads1115Config-version.cmake
[18.245s] -- Up-to-date: /home/user/ws/install/ads1115/share/ads1115/package.xml
[18.250s] Invoked command in '/home/user/ws/build/ads1115' returned '0': CMAKE_PREFIX_PATH=/opt/ros/humble /usr/bin/cmake --install /home/user/ws/build/ads1115
