[0.046s] Invoking command in '/home/user/ws/build/ads1115': CMAKE_PREFIX_PATH=/opt/ros/humble /usr/bin/cmake --build /home/user/ws/build/ads1115 -- -j4 -l4
[0.197s] [35m[1mConsolidate compiler generated dependencies of target battery_monitor[0m
[0.278s] [ 50%] [32mBuilding CXX object CMakeFiles/battery_monitor.dir/src/battery_monitor.cpp.o[0m
[11.240s] [100%] [32m[1mLinking CXX executable battery_monitor[0m
[11.713s] [100%] Built target battery_monitor
[11.751s] Invoked command in '/home/user/ws/build/ads1115' returned '0': CMAKE_PREFIX_PATH=/opt/ros/humble /usr/bin/cmake --build /home/user/ws/build/ads1115 -- -j4 -l4
[11.910s] Invoking command in '/home/user/ws/build/ads1115': CMAKE_PREFIX_PATH=/opt/ros/humble /usr/bin/cmake --install /home/user/ws/build/ads1115
[11.936s] -- Install configuration: ""
[11.937s] -- Installing: /home/user/ws/install/ads1115/lib/ads1115/battery_monitor
[11.940s] -- Set runtime path of "/home/user/ws/install/ads1115/lib/ads1115/battery_monitor" to ""
[11.941s] -- Up-to-date: /home/user/ws/install/ads1115/share/ament_index/resource_index/package_run_dependencies/ads1115
[11.941s] -- Up-to-date: /home/user/ws/install/ads1115/share/ament_index/resource_index/parent_prefix_path/ads1115
[11.942s] -- Up-to-date: /home/user/ws/install/ads1115/share/ads1115/environment/ament_prefix_path.sh
[11.942s] -- Up-to-date: /home/user/ws/install/ads1115/share/ads1115/environment/ament_prefix_path.dsv
[11.942s] -- Up-to-date: /home/user/ws/install/ads1115/share/ads1115/environment/path.sh
[11.943s] -- Up-to-date: /home/user/ws/install/ads1115/share/ads1115/environment/path.dsv
[11.943s] -- Up-to-date: /home/user/ws/install/ads1115/share/ads1115/local_setup.bash
[11.944s] -- Up-to-date: /home/user/ws/install/ads1115/share/ads1115/local_setup.sh
[11.944s] -- Up-to-date: /home/user/ws/install/ads1115/share/ads1115/local_setup.zsh
[11.944s] -- Up-to-date: /home/user/ws/install/ads1115/share/ads1115/local_setup.dsv
[11.945s] -- Installing: /home/user/ws/install/ads1115/share/ads1115/package.dsv
[11.945s] -- Up-to-date: /home/user/ws/install/ads1115/share/ament_index/resource_index/packages/ads1115
[11.945s] -- Up-to-date: /home/user/ws/install/ads1115/share/ads1115/cmake/ads1115Config.cmake
[11.946s] -- Up-to-date: /home/user/ws/install/ads1115/share/ads1115/cmake/ads1115Config-version.cmake
[11.946s] -- Up-to-date: /home/user/ws/install/ads1115/share/ads1115/package.xml
[11.951s] Invoked command in '/home/user/ws/build/ads1115' returned '0': CMAKE_PREFIX_PATH=/opt/ros/humble /usr/bin/cmake --install /home/user/ws/build/ads1115
