[0.427s] DEBUG:colcon:Command line arguments: ['/usr/bin/colcon', 'build']
[0.428s] DEBUG:colcon:Parsed command line arguments: Namespace(log_base=None, log_level=None, verb_name='build', build_base='build', install_base='install', merge_install=False, symlink_install=False, test_result_base=None, continue_on_error=False, executor='parallel', parallel_workers=4, event_handlers=None, ignore_user_meta=False, metas=['./colcon.meta'], base_paths=['.'], packages_ignore=None, packages_ignore_regex=None, paths=None, packages_up_to=None, packages_up_to_regex=None, packages_above=None, packages_above_and_dependencies=None, packages_above_depth=None, packages_select_by_dep=None, packages_skip_by_dep=None, packages_skip_up_to=None, packages_select_build_failed=False, packages_skip_build_finished=False, packages_select_test_failures=False, packages_skip_test_passed=False, packages_select=None, packages_skip=None, packages_select_regex=None, packages_skip_regex=None, packages_start=None, packages_end=None, allow_overriding=[], cmake_args=None, cmake_target=None, cmake_target_skip_unavailable=False, cmake_clean_cache=False, cmake_clean_first=False, cmake_force_configure=False, ament_cmake_args=None, catkin_cmake_args=None, catkin_skip_building_tests=False, mixin_files=None, mixin=None, verb_parser=<colcon_mixin.mixin.mixin_argument.MixinArgumentDecorator object at 0xffff8bdf0550>, verb_extension=<colcon_core.verb.build.BuildVerb object at 0xffff8bf3cbe0>, main=<bound method BuildVerb.main of <colcon_core.verb.build.BuildVerb object at 0xffff8bf3cbe0>>, mixin_verb=('build',))
[1.062s] Level 1:colcon.colcon_core.package_discovery:discover_packages(colcon_meta) check parameters
[1.062s] Level 1:colcon.colcon_core.package_discovery:discover_packages(recursive) check parameters
[1.062s] Level 1:colcon.colcon_core.package_discovery:discover_packages(ignore) check parameters
[1.062s] Level 1:colcon.colcon_core.package_discovery:discover_packages(path) check parameters
[1.062s] Level 1:colcon.colcon_core.package_discovery:discover_packages(colcon_meta) discover
[1.063s] Level 1:colcon.colcon_core.package_discovery:discover_packages(recursive) discover
[1.063s] INFO:colcon.colcon_core.package_discovery:Crawling recursively for packages in '/home/user/ws'
[1.063s] Level 1:colcon.colcon_core.package_identification:_identify(.) by extensions ['ignore', 'ignore_ament_install']
[1.064s] Level 1:colcon.colcon_core.package_identification:_identify(.) by extension 'ignore'
[1.064s] Level 1:colcon.colcon_core.package_identification:_identify(.) by extension 'ignore_ament_install'
[1.064s] Level 1:colcon.colcon_core.package_identification:_identify(.) by extensions ['colcon_pkg']
[1.064s] Level 1:colcon.colcon_core.package_identification:_identify(.) by extension 'colcon_pkg'
[1.064s] Level 1:colcon.colcon_core.package_identification:_identify(.) by extensions ['colcon_meta']
[1.064s] Level 1:colcon.colcon_core.package_identification:_identify(.) by extension 'colcon_meta'
[1.065s] Level 1:colcon.colcon_core.package_identification:_identify(.) by extensions ['ros']
[1.065s] Level 1:colcon.colcon_core.package_identification:_identify(.) by extension 'ros'
[1.113s] Level 1:colcon.colcon_core.package_identification:_identify(.) by extensions ['cmake', 'python']
[1.113s] Level 1:colcon.colcon_core.package_identification:_identify(.) by extension 'cmake'
[1.114s] Level 1:colcon.colcon_core.package_identification:_identify(.) by extension 'python'
[1.114s] Level 1:colcon.colcon_core.package_identification:_identify(.) by extensions ['python_setup_py']
[1.114s] Level 1:colcon.colcon_core.package_identification:_identify(.) by extension 'python_setup_py'
[1.114s] Level 1:colcon.colcon_core.package_identification:_identify(build) by extensions ['ignore', 'ignore_ament_install']
[1.115s] Level 1:colcon.colcon_core.package_identification:_identify(build) by extension 'ignore'
[1.115s] Level 1:colcon.colcon_core.package_identification:_identify(build) ignored
[1.116s] Level 1:colcon.colcon_core.package_identification:_identify(install) by extensions ['ignore', 'ignore_ament_install']
[1.116s] Level 1:colcon.colcon_core.package_identification:_identify(install) by extension 'ignore'
[1.116s] Level 1:colcon.colcon_core.package_identification:_identify(install) ignored
[1.117s] Level 1:colcon.colcon_core.package_identification:_identify(log) by extensions ['ignore', 'ignore_ament_install']
[1.117s] Level 1:colcon.colcon_core.package_identification:_identify(log) by extension 'ignore'
[1.117s] Level 1:colcon.colcon_core.package_identification:_identify(log) ignored
[1.117s] Level 1:colcon.colcon_core.package_identification:_identify(src) by extensions ['ignore', 'ignore_ament_install']
[1.118s] Level 1:colcon.colcon_core.package_identification:_identify(src) by extension 'ignore'
[1.118s] Level 1:colcon.colcon_core.package_identification:_identify(src) by extension 'ignore_ament_install'
[1.118s] Level 1:colcon.colcon_core.package_identification:_identify(src) by extensions ['colcon_pkg']
[1.118s] Level 1:colcon.colcon_core.package_identification:_identify(src) by extension 'colcon_pkg'
[1.118s] Level 1:colcon.colcon_core.package_identification:_identify(src) by extensions ['colcon_meta']
[1.118s] Level 1:colcon.colcon_core.package_identification:_identify(src) by extension 'colcon_meta'
[1.119s] Level 1:colcon.colcon_core.package_identification:_identify(src) by extensions ['ros']
[1.119s] Level 1:colcon.colcon_core.package_identification:_identify(src) by extension 'ros'
[1.119s] Level 1:colcon.colcon_core.package_identification:_identify(src) by extensions ['cmake', 'python']
[1.119s] Level 1:colcon.colcon_core.package_identification:_identify(src) by extension 'cmake'
[1.119s] Level 1:colcon.colcon_core.package_identification:_identify(src) by extension 'python'
[1.119s] Level 1:colcon.colcon_core.package_identification:_identify(src) by extensions ['python_setup_py']
[1.120s] Level 1:colcon.colcon_core.package_identification:_identify(src) by extension 'python_setup_py'
[1.120s] Level 1:colcon.colcon_core.package_identification:_identify(src/ads1115) by extensions ['ignore', 'ignore_ament_install']
[1.120s] Level 1:colcon.colcon_core.package_identification:_identify(src/ads1115) by extension 'ignore'
[1.121s] Level 1:colcon.colcon_core.package_identification:_identify(src/ads1115) by extension 'ignore_ament_install'
[1.121s] Level 1:colcon.colcon_core.package_identification:_identify(src/ads1115) by extensions ['colcon_pkg']
[1.121s] Level 1:colcon.colcon_core.package_identification:_identify(src/ads1115) by extension 'colcon_pkg'
[1.121s] Level 1:colcon.colcon_core.package_identification:_identify(src/ads1115) by extensions ['colcon_meta']
[1.121s] Level 1:colcon.colcon_core.package_identification:_identify(src/ads1115) by extension 'colcon_meta'
[1.121s] Level 1:colcon.colcon_core.package_identification:_identify(src/ads1115) by extensions ['ros']
[1.121s] Level 1:colcon.colcon_core.package_identification:_identify(src/ads1115) by extension 'ros'
[1.129s] DEBUG:colcon.colcon_core.package_identification:Package 'src/ads1115' with type 'ros.ament_cmake' and name 'ads1115'
[1.130s] Level 1:colcon.colcon_core.package_discovery:discover_packages(recursive) using defaults
[1.130s] Level 1:colcon.colcon_core.package_discovery:discover_packages(ignore) discover
[1.130s] Level 1:colcon.colcon_core.package_discovery:discover_packages(ignore) using defaults
[1.130s] Level 1:colcon.colcon_core.package_discovery:discover_packages(path) discover
[1.130s] Level 1:colcon.colcon_core.package_discovery:discover_packages(path) using defaults
[1.202s] Level 1:colcon.colcon_core.package_discovery:discover_packages(prefix_path) check parameters
[1.202s] Level 1:colcon.colcon_core.package_discovery:discover_packages(prefix_path) discover
[1.213s] DEBUG:colcon.colcon_installed_package_information.package_discovery:Found 180 installed packages in /opt/ros/humble
[1.217s] Level 1:colcon.colcon_core.package_discovery:discover_packages(prefix_path) using defaults
[1.361s] Level 5:colcon.colcon_core.verb:set package 'ads1115' build argument 'cmake_args' from command line to 'None'
[1.361s] Level 5:colcon.colcon_core.verb:set package 'ads1115' build argument 'cmake_target' from command line to 'None'
[1.362s] Level 5:colcon.colcon_core.verb:set package 'ads1115' build argument 'cmake_target_skip_unavailable' from command line to 'False'
[1.362s] Level 5:colcon.colcon_core.verb:set package 'ads1115' build argument 'cmake_clean_cache' from command line to 'False'
[1.362s] Level 5:colcon.colcon_core.verb:set package 'ads1115' build argument 'cmake_clean_first' from command line to 'False'
[1.362s] Level 5:colcon.colcon_core.verb:set package 'ads1115' build argument 'cmake_force_configure' from command line to 'False'
[1.362s] Level 5:colcon.colcon_core.verb:set package 'ads1115' build argument 'ament_cmake_args' from command line to 'None'
[1.362s] Level 5:colcon.colcon_core.verb:set package 'ads1115' build argument 'catkin_cmake_args' from command line to 'None'
[1.362s] Level 5:colcon.colcon_core.verb:set package 'ads1115' build argument 'catkin_skip_building_tests' from command line to 'False'
[1.362s] DEBUG:colcon.colcon_core.verb:Building package 'ads1115' with the following arguments: {'ament_cmake_args': None, 'build_base': '/home/user/ws/build/ads1115', 'catkin_cmake_args': None, 'catkin_skip_building_tests': False, 'cmake_args': None, 'cmake_clean_cache': False, 'cmake_clean_first': False, 'cmake_force_configure': False, 'cmake_target': None, 'cmake_target_skip_unavailable': False, 'install_base': '/home/user/ws/install/ads1115', 'merge_install': False, 'path': '/home/user/ws/src/ads1115', 'symlink_install': False, 'test_result_base': None}
[1.363s] INFO:colcon.colcon_core.executor:Executing jobs using 'parallel' executor
[1.366s] DEBUG:colcon.colcon_parallel_executor.executor.parallel:run_until_complete
[1.367s] INFO:colcon.colcon_ros.task.ament_cmake.build:Building ROS package in '/home/user/ws/src/ads1115' with build type 'ament_cmake'
[1.368s] INFO:colcon.colcon_cmake.task.cmake.build:Building CMake package in '/home/user/ws/src/ads1115'
[1.376s] INFO:colcon.colcon_core.plugin_system:Skipping extension 'colcon_core.shell.bat': Not used on non-Windows systems
[1.377s] INFO:colcon.colcon_core.shell:Skip shell extension 'powershell' for command environment: Not usable outside of PowerShell
[1.377s] DEBUG:colcon.colcon_core.shell:Skip shell extension 'dsv' for command environment
[1.414s] DEBUG:colcon.colcon_core.event_handler.log_command:Invoking command in '/home/user/ws/build/ads1115': CMAKE_PREFIX_PATH=/opt/ros/humble /usr/bin/cmake --build /home/user/ws/build/ads1115 -- -j4 -l4
[13.649s] DEBUG:colcon.colcon_core.event_handler.log_command:Invoked command in '/home/user/ws/build/ads1115' returned '0': CMAKE_PREFIX_PATH=/opt/ros/humble /usr/bin/cmake --build /home/user/ws/build/ads1115 -- -j4 -l4
[13.814s] DEBUG:colcon.colcon_core.event_handler.log_command:Invoking command in '/home/user/ws/build/ads1115': CMAKE_PREFIX_PATH=/opt/ros/humble /usr/bin/cmake --install /home/user/ws/build/ads1115
[13.851s] Level 1:colcon.colcon_core.environment:create_environment_scripts_only(ads1115)
[13.853s] DEBUG:colcon.colcon_core.event_handler.log_command:Invoked command in '/home/user/ws/build/ads1115' returned '0': CMAKE_PREFIX_PATH=/opt/ros/humble /usr/bin/cmake --install /home/user/ws/build/ads1115
[13.864s] Level 1:colcon.colcon_core.environment:checking '/home/user/ws/install/ads1115' for CMake module files
[13.867s] Level 1:colcon.colcon_core.environment:checking '/home/user/ws/install/ads1115' for CMake config files
[13.869s] Level 1:colcon.colcon_core.shell:create_environment_hook('ads1115', 'cmake_prefix_path')
[13.870s] INFO:colcon.colcon_core.shell:Creating environment hook '/home/user/ws/install/ads1115/share/ads1115/hook/cmake_prefix_path.ps1'
[13.872s] INFO:colcon.colcon_core.shell:Creating environment descriptor '/home/user/ws/install/ads1115/share/ads1115/hook/cmake_prefix_path.dsv'
[13.874s] INFO:colcon.colcon_core.shell:Creating environment hook '/home/user/ws/install/ads1115/share/ads1115/hook/cmake_prefix_path.sh'
[13.878s] Level 1:colcon.colcon_core.environment:checking '/home/user/ws/install/ads1115/lib'
[13.879s] Level 1:colcon.colcon_core.environment:checking '/home/user/ws/install/ads1115/bin'
[13.879s] Level 1:colcon.colcon_core.environment:checking '/home/user/ws/install/ads1115/lib/pkgconfig/ads1115.pc'
[13.880s] Level 1:colcon.colcon_core.environment:checking '/home/user/ws/install/ads1115/lib/python3.10/site-packages'
[13.881s] Level 1:colcon.colcon_core.environment:checking '/home/user/ws/install/ads1115/bin'
[13.882s] INFO:colcon.colcon_core.shell:Creating package script '/home/user/ws/install/ads1115/share/ads1115/package.ps1'
[13.885s] INFO:colcon.colcon_core.shell:Creating package descriptor '/home/user/ws/install/ads1115/share/ads1115/package.dsv'
[13.887s] INFO:colcon.colcon_core.shell:Creating package script '/home/user/ws/install/ads1115/share/ads1115/package.sh'
[13.890s] INFO:colcon.colcon_core.shell:Creating package script '/home/user/ws/install/ads1115/share/ads1115/package.bash'
[13.893s] INFO:colcon.colcon_core.shell:Creating package script '/home/user/ws/install/ads1115/share/ads1115/package.zsh'
[13.896s] Level 1:colcon.colcon_core.environment:create_file_with_runtime_dependencies(/home/user/ws/install/ads1115/share/colcon-core/packages/ads1115)
[14.015s] Level 1:colcon.colcon_core.environment:create_environment_scripts_only(ads1115)
[14.016s] Level 1:colcon.colcon_core.environment:checking '/home/user/ws/install/ads1115' for CMake module files
[14.020s] Level 1:colcon.colcon_core.environment:checking '/home/user/ws/install/ads1115' for CMake config files
[14.023s] Level 1:colcon.colcon_core.shell:create_environment_hook('ads1115', 'cmake_prefix_path')
[14.024s] INFO:colcon.colcon_core.shell:Creating environment hook '/home/user/ws/install/ads1115/share/ads1115/hook/cmake_prefix_path.ps1'
[14.026s] INFO:colcon.colcon_core.shell:Creating environment descriptor '/home/user/ws/install/ads1115/share/ads1115/hook/cmake_prefix_path.dsv'
[14.028s] INFO:colcon.colcon_core.shell:Creating environment hook '/home/user/ws/install/ads1115/share/ads1115/hook/cmake_prefix_path.sh'
[14.031s] Level 1:colcon.colcon_core.environment:checking '/home/user/ws/install/ads1115/lib'
[14.031s] Level 1:colcon.colcon_core.environment:checking '/home/user/ws/install/ads1115/bin'
[14.032s] Level 1:colcon.colcon_core.environment:checking '/home/user/ws/install/ads1115/lib/pkgconfig/ads1115.pc'
[14.033s] Level 1:colcon.colcon_core.environment:checking '/home/user/ws/install/ads1115/lib/python3.10/site-packages'
[14.033s] Level 1:colcon.colcon_core.environment:checking '/home/user/ws/install/ads1115/bin'
[14.034s] INFO:colcon.colcon_core.shell:Creating package script '/home/user/ws/install/ads1115/share/ads1115/package.ps1'
[14.037s] INFO:colcon.colcon_core.shell:Creating package descriptor '/home/user/ws/install/ads1115/share/ads1115/package.dsv'
[14.039s] INFO:colcon.colcon_core.shell:Creating package script '/home/user/ws/install/ads1115/share/ads1115/package.sh'
[14.041s] INFO:colcon.colcon_core.shell:Creating package script '/home/user/ws/install/ads1115/share/ads1115/package.bash'
[14.042s] INFO:colcon.colcon_core.shell:Creating package script '/home/user/ws/install/ads1115/share/ads1115/package.zsh'
[14.044s] Level 1:colcon.colcon_core.environment:create_file_with_runtime_dependencies(/home/user/ws/install/ads1115/share/colcon-core/packages/ads1115)
[14.046s] DEBUG:colcon.colcon_parallel_executor.executor.parallel:closing loop
[14.047s] DEBUG:colcon.colcon_parallel_executor.executor.parallel:loop closed
[14.047s] DEBUG:colcon.colcon_parallel_executor.executor.parallel:run_until_complete finished with '0'
[14.048s] DEBUG:colcon.colcon_core.event_reactor:joining thread
[14.069s] INFO:colcon.colcon_core.plugin_system:Skipping extension 'colcon_notification.desktop_notification.notify_send': Could not find 'notify-send'
[14.069s] INFO:colcon.colcon_core.plugin_system:Skipping extension 'colcon_notification.desktop_notification.terminal_notifier': Not used on non-Darwin systems
[14.069s] INFO:colcon.colcon_core.plugin_system:Skipping extension 'colcon_notification.desktop_notification.win32': Not used on non-Windows systems
[14.069s] INFO:colcon.colcon_notification.desktop_notification:Sending desktop notification using 'notify2'
[14.072s] DEBUG:colcon.colcon_notification.desktop_notification.notify2:Failed to initialize notify2: org.freedesktop.DBus.Error.ServiceUnknown: The name org.freedesktop.Notifications was not provided by any .service files
[14.072s] DEBUG:colcon.colcon_core.event_reactor:joined thread
[14.073s] INFO:colcon.colcon_core.shell:Creating prefix script '/home/user/ws/install/local_setup.ps1'
[14.077s] INFO:colcon.colcon_core.shell:Creating prefix util module '/home/user/ws/install/_local_setup_util_ps1.py'
[14.083s] INFO:colcon.colcon_core.shell:Creating prefix chain script '/home/user/ws/install/setup.ps1'
[14.088s] INFO:colcon.colcon_core.shell:Creating prefix script '/home/user/ws/install/local_setup.sh'
[14.090s] INFO:colcon.colcon_core.shell:Creating prefix util module '/home/user/ws/install/_local_setup_util_sh.py'
[14.093s] INFO:colcon.colcon_core.shell:Creating prefix chain script '/home/user/ws/install/setup.sh'
[14.097s] INFO:colcon.colcon_core.shell:Creating prefix script '/home/user/ws/install/local_setup.bash'
[14.099s] INFO:colcon.colcon_core.shell:Creating prefix chain script '/home/user/ws/install/setup.bash'
[14.103s] INFO:colcon.colcon_core.shell:Creating prefix script '/home/user/ws/install/local_setup.zsh'
[14.105s] INFO:colcon.colcon_core.shell:Creating prefix chain script '/home/user/ws/install/setup.zsh'
